"../../../../../../Users/Hampuz/Documents/Unreal Projects/MP_Shooter/Content/Maps/ThirdPersonExampleMap_BuiltData.uasset" 0
"../../../Engine/Content/EditorBlueprintResources/StandardMacros.uasset" 1
"../../../../../../Users/Hampuz/Documents/Unreal Projects/MP_Shooter/Content/ExampleAdvancedSessionsFunctionsChar.uasset" 2
"../../../../../../Users/Hampuz/Documents/Unreal Projects/MP_Shooter/Content/Mannequin/Character/Mesh/UE4_Mannequin_Skeleton.uasset" 3
"../../../../../../Users/Hampuz/Documents/Unreal Projects/MP_Shooter/Content/Mannequin/Animations/ThirdPerson_Jump.uasset" 4
"../../../../../../Users/Hampuz/Documents/Unreal Projects/MP_Shooter/Content/Mannequin/Animations/ThirdPersonJump_Loop.uasset" 5
"../../../../../../Users/Hampuz/Documents/Unreal Projects/MP_Shooter/Content/Mannequin/Animations/ThirdPersonJump_Start.uasset" 6
"../../../../../../Users/Hampuz/Documents/Unreal Projects/MP_Shooter/Content/Mannequin/Animations/ThirdPersonIdle.uasset" 7
"../../../../../../Users/Hampuz/Documents/Unreal Projects/MP_Shooter/Content/Mannequin/Animations/ThirdPersonRun.uasset" 8
"../../../../../../Users/Hampuz/Documents/Unreal Projects/MP_Shooter/Content/Mannequin/Animations/ThirdPersonWalk.uasset" 9
"../../../../../../Users/Hampuz/Documents/Unreal Projects/MP_Shooter/Content/Mannequin/Animations/ThirdPerson_IdleRun_2D.uasset" 10
"../../../../../../Users/Hampuz/Documents/Unreal Projects/MP_Shooter/Content/Mannequin/Animations/ThirdPerson_AnimBP.uasset" 11
"../../../Engine/Content/Functions/Engine_MaterialFunctions02/Utility/BlendAngleCorrectedNormals.uasset" 12
"../../../Engine/Content/Functions/MaterialLayerFunctions/MatLayerBlend_NormalBlend.uasset" 13
"../../../Engine/Content/Functions/MaterialLayerFunctions/MatLayerBlend_Simple.uasset" 14
"../../../../../../Users/Hampuz/Documents/Unreal Projects/MP_Shooter/Content/Mannequin/Character/Materials/MaterialLayers/T_ML_Rubber_Blue_01_D.uasset" 15
"../../../../../../Users/Hampuz/Documents/Unreal Projects/MP_Shooter/Content/Mannequin/Character/Materials/MaterialLayers/T_ML_Rubber_Blue_01_N.uasset" 16
"../../../../../../Users/Hampuz/Documents/Unreal Projects/MP_Shooter/Content/Mannequin/Character/Materials/MaterialLayers/ML_GlossyBlack_Latex_UE4.uasset" 17
"../../../../../../Users/Hampuz/Documents/Unreal Projects/MP_Shooter/Content/Mannequin/Character/Materials/MaterialLayers/ML_Plastic_Shiny_Beige.uasset" 18
"../../../../../../Users/Hampuz/Documents/Unreal Projects/MP_Shooter/Content/Mannequin/Character/Textures/UE4_LOGO_CARD.uasset" 19
"../../../../../../Users/Hampuz/Documents/Unreal Projects/MP_Shooter/Content/Mannequin/Character/Materials/MaterialLayers/ML_Plastic_Shiny_Beige_LOGO.uasset" 20
"../../../../../../Users/Hampuz/Documents/Unreal Projects/MP_Shooter/Content/Mannequin/Character/Materials/MaterialLayers/T_ML_Aluminum01.uasset" 21
"../../../../../../Users/Hampuz/Documents/Unreal Projects/MP_Shooter/Content/Mannequin/Character/Materials/MaterialLayers/T_ML_Aluminum01_N.uasset" 22
"../../../../../../Users/Hampuz/Documents/Unreal Projects/MP_Shooter/Content/Mannequin/Character/Materials/MaterialLayers/ML_SoftMetal_UE4.uasset" 23
"../../../../../../Users/Hampuz/Documents/Unreal Projects/MP_Shooter/Content/Mannequin/Character/Textures/UE4_Mannequin__normals.uasset" 24
"../../../../../../Users/Hampuz/Documents/Unreal Projects/MP_Shooter/Content/Mannequin/Character/Textures/UE4_Mannequin_MAT_MASKA.uasset" 25
"../../../../../../Users/Hampuz/Documents/Unreal Projects/MP_Shooter/Content/Mannequin/Character/Materials/M_UE4Man_Body.uasset" 26
"../../../../../../Users/Hampuz/Documents/Unreal Projects/MP_Shooter/Content/Mannequin/Character/Textures/UE4Man_Logo_N.uasset" 27
"../../../../../../Users/Hampuz/Documents/Unreal Projects/MP_Shooter/Content/Mannequin/Character/Materials/M_UE4Man_ChestLogo.uasset" 28
"../../../../../../Users/Hampuz/Documents/Unreal Projects/MP_Shooter/Content/Mannequin/Character/Mesh/SK_Mannequin_PhysicsAsset.uasset" 29
"../../../../../../Users/Hampuz/Documents/Unreal Projects/MP_Shooter/Content/Mannequin/Character/Mesh/SK_Mannequin.uasset" 30
"../../../../../../Users/Hampuz/Documents/Unreal Projects/MP_Shooter/Content/Blueprints/ThirdPersonCharacter.uasset" 31
"../../../../../../Users/Hampuz/Documents/Unreal Projects/MP_Shooter/Content/Mannequin/Animations/ThirdPersonJump_End.uasset" 32
"../../../Engine/Content/Functions/Engine_MaterialFunctions01/Gradient/LinearGradient.uasset" 33
"../../../Engine/Content/Functions/Engine_MaterialFunctions01/ImageAdjustment/CheapContrast.uasset" 34
"../../../Engine/Content/Functions/Engine_MaterialFunctions01/Shading/MetallicShading.uasset" 35
"../../../Engine/Content/EngineMaterials/DefaultDiffuse.uasset" 36
"../../../Engine/Content/Functions/Engine_MaterialFunctions01/Texturing/WorldAlignedTexture.uasset" 37
"../../../Engine/Content/Functions/Engine_MaterialFunctions02/Texturing/ScreenAlignedPixelToPixelUVs.uasset" 38
"../../../Engine/Content/Functions/Engine_MaterialFunctions02/Utility/BreakOutFloat3Components.uasset" 39
"../../../Engine/Content/EngineMaterials/Good64x64TilingNoiseHighFreq.uasset" 40
"../../../Engine/Content/Functions/Engine_MaterialFunctions02/Utility/DitherTemporalAA.uasset" 41
"../../../Engine/Content/Functions/Engine_MaterialFunctions03/Blends/Lerp_ScratchGrime.uasset" 42
"../../../Engine/Content/Functions/MaterialLayerFunctions/MatLayerBlend_BreakBaseColor.uasset" 43
"../../../Engine/Content/Functions/MaterialLayerFunctions/MatLayerBlend_Emissive.uasset" 44
"../../../Engine/Content/Functions/MaterialLayerFunctions/MatLayerBlend_OverrideBaseColor.uasset" 45
"../../../Engine/Content/Functions/MaterialLayerFunctions/MatLayerBlend_Standard.uasset" 46
"../../../Engine/Content/Functions/MaterialLayerFunctions/MatLayerBlend_Tint.uasset" 47
"../../../../../../Users/Hampuz/Documents/Unreal Projects/MP_Shooter/Content/ParagonMinions/Characters/Global/FX/Textures/Tile/Noise/T_Voronoi_Cells_02.uasset" 48
"../../../../../../Users/Hampuz/Documents/Unreal Projects/MP_Shooter/Content/ParagonMinions/Characters/Global/Eyes/MaterialFunctions/MinionBurn.uasset" 49
"../../../../../../Users/Hampuz/Documents/Unreal Projects/MP_Shooter/Content/ParagonMinions/Characters/Global/Eyes/MaterialFunctions/MF_Minion_EmissiveFX.uasset" 50
"../../../../../../Users/Hampuz/Documents/Unreal Projects/MP_Shooter/Content/ParagonMinions/Characters/Global/FX/Materials/Functions/MF_MinionApperation.uasset" 51
"../../../Engine/Content/EngineMaterials/DefaultNormal.uasset" 52
"../../../../../../Users/Hampuz/Documents/Unreal Projects/MP_Shooter/Content/ParagonMinions/Characters/Global/MaterialLayers/T_TestML_Mask.uasset" 53
"../../../../../../Users/Hampuz/Documents/Unreal Projects/MP_Shooter/Content/ParagonMinions/Characters/Global/MaterialLayers/ML__Blank.uasset" 54
"../../../../../../Users/Hampuz/Documents/Unreal Projects/MP_Shooter/Content/ParagonMinions/Characters/Global/ParameterCollections/OrionGlobalGameplayCollection.uasset" 55
"../../../../../../Users/Hampuz/Documents/Unreal Projects/MP_Shooter/Content/ParagonMinions/Characters/Global/MaterialFunctions/HitFlash.uasset" 56
"../../../../../../Users/Hampuz/Documents/Unreal Projects/MP_Shooter/Content/ParagonMinions/Characters/Global/MaterialFunctions/MaterialLayerConstructors/MLC_ScratchAndGrime.uasset" 57
"../../../../../../Users/Hampuz/Documents/Unreal Projects/MP_Shooter/Content/ParagonMinions/Characters/Global/MaterialFunctions/MaterialLayerConstructors/MLC_Standard.uasset" 58
"../../../../../../Users/Hampuz/Documents/Unreal Projects/MP_Shooter/Content/ParagonMinions/Characters/Global/MaterialFunctions/MF_BrightnessAdjust.uasset" 59
"../../../../../../Users/Hampuz/Documents/Unreal Projects/MP_Shooter/Content/ParagonMinions/Characters/Global/MaterialFunctions/Textures/T_AtmosphericCloudNoise01.uasset" 60
"../../../../../../Users/Hampuz/Documents/Unreal Projects/MP_Shooter/Content/ParagonMinions/Characters/Global/MaterialFunctions/Textures/T_AtmosphericCloudNoise01_N.uasset" 61
"../../../../../../Users/Hampuz/Documents/Unreal Projects/MP_Shooter/Content/ParagonMinions/Characters/Global/MaterialFunctions/Textures/T_AtmosphericCloudNoise03.uasset" 62
"../../../../../../Users/Hampuz/Documents/Unreal Projects/MP_Shooter/Content/ParagonMinions/Characters/Global/MaterialFunctions/MF_DeathFade.uasset" 63
"../../../../../../Users/Hampuz/Documents/Unreal Projects/MP_Shooter/Content/ParagonMinions/Characters/Global/MaterialLayers/Metal/T_Blue_Metal02.uasset" 64
"../../../../../../Users/Hampuz/Documents/Unreal Projects/MP_Shooter/Content/ParagonMinions/Characters/Global/MaterialLayers/Rubber/T_Blank_N.uasset" 65
"../../../../../../Users/Hampuz/Documents/Unreal Projects/MP_Shooter/Content/ParagonMinions/Characters/Global/MaterialLayers/Metal/ML_blue_Metal.uasset" 66
"../../../../../../Users/Hampuz/Documents/Unreal Projects/MP_Shooter/Content/ParagonMinions/Characters/Global/MaterialFunctions/MF_OrionRimlight.uasset" 67
"../../../../../../Users/Hampuz/Documents/Unreal Projects/MP_Shooter/Content/ParagonMinions/Characters/Global/MaterialFunctions/MF_CharacterEffects.uasset" 68
"../../../../../../Users/Hampuz/Documents/Unreal Projects/MP_Shooter/Content/ParagonMinions/Characters/Global/MaterialFunctions/mf_MinionPrimeBuff.uasset" 69
"../../../../../../Users/Hampuz/Documents/Unreal Projects/MP_Shooter/Content/ParagonMinions/Characters/Global/MaterialFunctions/T_ThinFilm_Spectrum_COLOR.uasset" 70
"../../../../../../Users/Hampuz/Documents/Unreal Projects/MP_Shooter/Content/ParagonMinions/Characters/Global/MaterialFunctions/MF_ThinFilm_Frensel.uasset" 71
"../../../../../../Users/Hampuz/Documents/Unreal Projects/MP_Shooter/Content/ParagonMinions/Characters/Minions/Dusk_Minions/Textures/Super/T_Minion_Dusk_Super_COL.uasset" 72
"../../../../../../Users/Hampuz/Documents/Unreal Projects/MP_Shooter/Content/ParagonMinions/Characters/Minions/Dusk_Minions/Textures/Super/T_Minion_Dusk_Super_N.uasset" 73
"../../../../../../Users/Hampuz/Documents/Unreal Projects/MP_Shooter/Content/ParagonMinions/Characters/Minions/Dusk_Minions/Textures/Super/T_Minion_Dusk_Super_RGBAO.uasset" 74
"../../../../../../Users/Hampuz/Documents/Unreal Projects/MP_Shooter/Content/ParagonMinions/Characters/Minions/Dusk_Minions/Materials/Shared/M_Minion_Dusk_Parent.uasset" 75
"../../../../../../Users/Hampuz/Documents/Unreal Projects/MP_Shooter/Content/ParagonMinions/Characters/Minions/Dusk_Minions/Textures/Melee/T_Minion_Dusk_Melee_Core_COL.uasset" 76
"../../../../../../Users/Hampuz/Documents/Unreal Projects/MP_Shooter/Content/ParagonMinions/Characters/Minions/Dusk_Minions/Textures/Melee/T_Minion_Dusk_Melee_Core_N.uasset" 77
"../../../../../../Users/Hampuz/Documents/Unreal Projects/MP_Shooter/Content/ParagonMinions/Characters/Minions/Dusk_Minions/Textures/Melee/T_Minion_Dusk_Melee_Core_RGBAO.uasset" 78
"../../../../../../Users/Hampuz/Documents/Unreal Projects/MP_Shooter/Content/ParagonMinions/Characters/Minions/Dusk_Minions/Materials/Shared/MI_Minion_Dusk_Core.uasset" 79
"../../../../../../Users/Hampuz/Documents/Unreal Projects/MP_Shooter/Content/ParagonMinions/Characters/Global/NotForShip/Human_Scans/_Common/SSP_Human_Default.uasset" 80
"../../../../../../Users/Hampuz/Documents/Unreal Projects/MP_Shooter/Content/ParagonMinions/Characters/Minions/Dusk_Minions/Materials/Melee/MI_Minion_Dusk_Melee_Core.uasset" 81
"../../../../../../Users/Hampuz/Documents/Unreal Projects/MP_Shooter/Content/ParagonMinions/Characters/Minions/Down_Minions/Meshes/Minion_Lane_Core_Skeleton.uasset" 82
"../../../../../../Users/Hampuz/Documents/Unreal Projects/MP_Shooter/Content/ParagonMinions/Characters/Minions/Dusk_Minions/Meshes/Minion_Lane_Melee_Core_ShadowCyl.uasset" 83
"../../../../../../Users/Hampuz/Documents/Unreal Projects/MP_Shooter/Content/ParagonMinions/Characters/Minions/Dusk_Minions/Meshes/Minion_Lane_Melee_Core_Dusk.uasset" 84
"../../../../../../Users/Hampuz/Documents/Unreal Projects/MP_Shooter/Content/ParagonMinions/Characters/Minions/Down_Minions/Textures/Super/T_Minion_Dawn_Super_D.uasset" 85
"../../../../../../Users/Hampuz/Documents/Unreal Projects/MP_Shooter/Content/ParagonMinions/Characters/Minions/Down_Minions/Textures/Super/T_Minion_Dawn_Super_MASK01.uasset" 86
"../../../../../../Users/Hampuz/Documents/Unreal Projects/MP_Shooter/Content/ParagonMinions/Characters/Minions/Down_Minions/Textures/Super/T_Minion_Dawn_Super_N.uasset" 87
"../../../../../../Users/Hampuz/Documents/Unreal Projects/MP_Shooter/Content/ParagonMinions/Characters/Minions/Down_Minions/Materials/Shared/M_Dawn_Minion_MASTER.uasset" 88
"../../../../../../Users/Hampuz/Documents/Unreal Projects/MP_Shooter/Content/ParagonMinions/Characters/Minions/Down_Minions/Textures/Melee/T_Minion_Dawn_Melee_D.uasset" 89
"../../../../../../Users/Hampuz/Documents/Unreal Projects/MP_Shooter/Content/ParagonMinions/Characters/Minions/Down_Minions/Textures/Melee/T_Minion_Dawn_Melee_MASK01.uasset" 90
"../../../../../../Users/Hampuz/Documents/Unreal Projects/MP_Shooter/Content/ParagonMinions/Characters/Minions/Down_Minions/Textures/Melee/T_Minion_Dawn_Melee_N.uasset" 91
"../../../../../../Users/Hampuz/Documents/Unreal Projects/MP_Shooter/Content/ParagonMinions/Characters/Minions/Down_Minions/Materials/Melee/M_Dawn_Minion_Melee.uasset" 92
"../../../../../../Users/Hampuz/Documents/Unreal Projects/MP_Shooter/Content/ParagonMinions/Characters/Minions/Down_Minions/Meshes/Minion_Lane_Melee_Physics.uasset" 93
"../../../../../../Users/Hampuz/Documents/Unreal Projects/MP_Shooter/Content/ParagonMinions/Characters/Minions/Down_Minions/Meshes/Minion_Lane_Melee_ShadowCyl.uasset" 94
"../../../../../../Users/Hampuz/Documents/Unreal Projects/MP_Shooter/Content/ParagonMinions/ExportFolder/Minion_Lane_Melee_Dawn1.uasset" 95
"../../../../../../Users/Hampuz/Documents/Unreal Projects/MP_Shooter/Content/ParagonMinions/ExportFolder/Minion_Lane_Melee_Physics_2.uasset" 96
"../../../../../../Users/Hampuz/Documents/Unreal Projects/MP_Shooter/Content/ParagonMinions/ExportFolder/Minion_Lane_Melee_ShadowCyl_2.uasset" 97
"../../../../../../Users/Hampuz/Documents/Unreal Projects/MP_Shooter/Content/ParagonMinions/ExportFolder/M_Dawn_Minion_Melee1.uasset" 98
"../../../../../../Users/Hampuz/Documents/Unreal Projects/MP_Shooter/Content/PowerUps/T_CircleMask3.uasset" 99
"../../../../../../Users/Hampuz/Documents/Unreal Projects/MP_Shooter/Content/PowerUps/M_PowerUpDecal.uasset" 100
"../../../../../../Users/Hampuz/Documents/Unreal Projects/MP_Shooter/Content/PowerUps/M_PowerUpDecal_Inst_Speed.uasset" 101
"../../../Engine/Content/Functions/Engine_MaterialFunctions02/Utility/Sine_Remapped.uasset" 102
"../../../../../../Users/Hampuz/Documents/Unreal Projects/MP_Shooter/Content/PowerUps/Material.uasset" 103
"../../../../../../Users/Hampuz/Documents/Unreal Projects/MP_Shooter/Content/PowerUps/Material_Inst_Speed.uasset" 104
"../../../../../../Users/Hampuz/Documents/Unreal Projects/MP_Shooter/Content/PowerUps/SpeedIcon.uasset" 105
"../../../../../../Users/Hampuz/Documents/Unreal Projects/MP_Shooter/Content/StarterContent/Materials/M_Basic_Wall.uasset" 106
"../../../../../../Users/Hampuz/Documents/Unreal Projects/MP_Shooter/Content/StarterContent/Architecture/Pillar_50x500.uasset" 107
"../../../../../../Users/Hampuz/Documents/Unreal Projects/MP_Shooter/Content/StarterContent/Architecture/Wall_400x300.uasset" 108
"../../../../../../Users/Hampuz/Documents/Unreal Projects/MP_Shooter/Content/StarterContent/Architecture/Wall_400x400.uasset" 109
"../../../../../../Users/Hampuz/Documents/Unreal Projects/MP_Shooter/Content/StarterContent/Architecture/Wall_500x500.uasset" 110
"../../../../../../Users/Hampuz/Documents/Unreal Projects/MP_Shooter/Content/StarterContent/Architecture/Wall_Door_400x400.uasset" 111
"../../../../../../Users/Hampuz/Documents/Unreal Projects/MP_Shooter/Content/StarterContent/Architecture/Wall_Window_400x400.uasset" 112
"../../../../../../Users/Hampuz/Documents/Unreal Projects/MP_Shooter/Content/StarterContent/Audio/Collapse01.uasset" 113
"../../../../../../Users/Hampuz/Documents/Unreal Projects/MP_Shooter/Content/StarterContent/Audio/Collapse02.uasset" 114
"../../../../../../Users/Hampuz/Documents/Unreal Projects/MP_Shooter/Content/StarterContent/Audio/Explosion01.uasset" 115
"../../../../../../Users/Hampuz/Documents/Unreal Projects/MP_Shooter/Content/StarterContent/Audio/Explosion02.uasset" 116
"../../../../../../Users/Hampuz/Documents/Unreal Projects/MP_Shooter/Content/StarterContent/Audio/Fire01.uasset" 117
"../../../../../../Users/Hampuz/Documents/Unreal Projects/MP_Shooter/Content/StarterContent/Audio/Fire_Sparks01.uasset" 118
"../../../../../../Users/Hampuz/Documents/Unreal Projects/MP_Shooter/Content/StarterContent/Audio/Light01.uasset" 119
"../../../../../../Users/Hampuz/Documents/Unreal Projects/MP_Shooter/Content/StarterContent/Audio/Light01_Cue.uasset" 120
"../../../../../../Users/Hampuz/Documents/Unreal Projects/MP_Shooter/Content/StarterContent/Audio/Light02.uasset" 121
"../../../../../../Users/Hampuz/Documents/Unreal Projects/MP_Shooter/Content/StarterContent/Audio/Light02_Cue.uasset" 122
"../../../../../../Users/Hampuz/Documents/Unreal Projects/MP_Shooter/Content/StarterContent/Audio/Smoke01.uasset" 123
"../../../../../../Users/Hampuz/Documents/Unreal Projects/MP_Shooter/Content/StarterContent/Audio/Starter_Birds01.uasset" 124
"../../../../../../Users/Hampuz/Documents/Unreal Projects/MP_Shooter/Content/StarterContent/Audio/Starter_Music01.uasset" 125
"../../../../../../Users/Hampuz/Documents/Unreal Projects/MP_Shooter/Content/StarterContent/Audio/Starter_Wind05.uasset" 126
"../../../../../../Users/Hampuz/Documents/Unreal Projects/MP_Shooter/Content/StarterContent/Audio/Starter_Wind06.uasset" 127
"../../../../../../Users/Hampuz/Documents/Unreal Projects/MP_Shooter/Content/StarterContent/Audio/Steam01.uasset" 128
"../../../../../../Users/Hampuz/Documents/Unreal Projects/MP_Shooter/Content/StarterContent/Audio/Explosion_Cue.uasset" 129
"../../../../../../Users/Hampuz/Documents/Unreal Projects/MP_Shooter/Content/StarterContent/Textures/T_Burst_M.uasset" 130
"../../../../../../Users/Hampuz/Documents/Unreal Projects/MP_Shooter/Content/StarterContent/Particles/Materials/M_Burst.uasset" 131
"../../../../../../Users/Hampuz/Documents/Unreal Projects/MP_Shooter/Content/StarterContent/Textures/T_Explosion_SubUV.uasset" 132
"../../../../../../Users/Hampuz/Documents/Unreal Projects/MP_Shooter/Content/StarterContent/Particles/Materials/M_explosion_subUV.uasset" 133
"../../../../../../Users/Hampuz/Documents/Unreal Projects/MP_Shooter/Content/StarterContent/Particles/Materials/m_flare_01.uasset" 134
"../../../Engine/Content/Functions/Engine_MaterialFunctions01/Gradient/RadialGradient.uasset" 135
"../../../../../../Users/Hampuz/Documents/Unreal Projects/MP_Shooter/Content/StarterContent/Particles/Materials/M_radial_ramp.uasset" 136
"../../../../../../Users/Hampuz/Documents/Unreal Projects/MP_Shooter/Content/StarterContent/Textures/T_Smoke_SubUV.uasset" 137
"../../../../../../Users/Hampuz/Documents/Unreal Projects/MP_Shooter/Content/StarterContent/Textures/T_Smoke_Tiled_D.uasset" 138
"../../../../../../Users/Hampuz/Documents/Unreal Projects/MP_Shooter/Content/StarterContent/Particles/Materials/M_smoke_subUV.uasset" 139
"../../../../../../Users/Hampuz/Documents/Unreal Projects/MP_Shooter/Content/StarterContent/Particles/P_Explosion.uasset" 140
"../../../../../../Users/Hampuz/Documents/Unreal Projects/MP_Shooter/Content/StarterContent/Blueprints/Blueprint_Effect_Explosion.uasset" 141
"../../../Engine/Content/EditorMeshes/ColorCalibrator/T_ColorGrid.uasset" 142
"../../../../../../Users/Hampuz/Documents/Unreal Projects/MP_Shooter/Content/StarterContent/Materials/M_ColorGrid_LowSpec.uasset" 143
"../../../../../../Users/Hampuz/Documents/Unreal Projects/MP_Shooter/Content/StarterContent/Textures/T_Bush_D.uasset" 144
"../../../../../../Users/Hampuz/Documents/Unreal Projects/MP_Shooter/Content/StarterContent/Textures/T_Bush_N.uasset" 145
"../../../../../../Users/Hampuz/Documents/Unreal Projects/MP_Shooter/Content/StarterContent/Props/Materials/M_Bush.uasset" 146
"../../../../../../Users/Hampuz/Documents/Unreal Projects/MP_Shooter/Content/StarterContent/Props/SM_Bush.uasset" 147
"../../../../../../Users/Hampuz/Documents/Unreal Projects/MP_Shooter/Content/StarterContent/Textures/T_Chair_M.uasset" 148
"../../../../../../Users/Hampuz/Documents/Unreal Projects/MP_Shooter/Content/StarterContent/Textures/T_Chair_N.uasset" 149
"../../../../../../Users/Hampuz/Documents/Unreal Projects/MP_Shooter/Content/StarterContent/Props/Materials/M_Chair.uasset" 150
"../../../../../../Users/Hampuz/Documents/Unreal Projects/MP_Shooter/Content/StarterContent/Props/SM_Couch.uasset" 151
"../../../../../../Users/Hampuz/Documents/Unreal Projects/MP_Shooter/Content/StarterContent/Materials/M_Glass.uasset" 152
"../../../../../../Users/Hampuz/Documents/Unreal Projects/MP_Shooter/Content/StarterContent/Textures/T_Door_M.uasset" 153
"../../../../../../Users/Hampuz/Documents/Unreal Projects/MP_Shooter/Content/StarterContent/Textures/T_Door_N.uasset" 154
"../../../../../../Users/Hampuz/Documents/Unreal Projects/MP_Shooter/Content/StarterContent/Props/Materials/M_Door.uasset" 155
"../../../../../../Users/Hampuz/Documents/Unreal Projects/MP_Shooter/Content/StarterContent/Props/SM_Door.uasset" 156
"../../../../../../Users/Hampuz/Documents/Unreal Projects/MP_Shooter/Content/StarterContent/Props/Materials/M_MaterialSphere.uasset" 157
"../../../../../../Users/Hampuz/Documents/Unreal Projects/MP_Shooter/Content/StarterContent/Props/Materials/M_MaterialSphere_Plain.uasset" 158
"../../../../../../Users/Hampuz/Documents/Unreal Projects/MP_Shooter/Content/StarterContent/Props/SM_MatPreviewMesh_02.uasset" 159
"../../../../../../Users/Hampuz/Documents/Unreal Projects/MP_Shooter/Content/StarterContent/Textures/T_Detail_Rocky_N.uasset" 160
"../../../../../../Users/Hampuz/Documents/Unreal Projects/MP_Shooter/Content/StarterContent/Textures/T_Rock_Basalt_D.uasset" 161
"../../../../../../Users/Hampuz/Documents/Unreal Projects/MP_Shooter/Content/StarterContent/Textures/T_RockMesh_M.uasset" 162
"../../../../../../Users/Hampuz/Documents/Unreal Projects/MP_Shooter/Content/StarterContent/Textures/T_RockMesh_N.uasset" 163
"../../../../../../Users/Hampuz/Documents/Unreal Projects/MP_Shooter/Content/StarterContent/Props/Materials/M_Rock.uasset" 164
"../../../../../../Users/Hampuz/Documents/Unreal Projects/MP_Shooter/Content/StarterContent/Props/SM_Rock.uasset" 165
"../../../../../../Users/Hampuz/Documents/Unreal Projects/MP_Shooter/Content/StarterContent/Textures/T_Shelf_M.uasset" 166
"../../../../../../Users/Hampuz/Documents/Unreal Projects/MP_Shooter/Content/StarterContent/Textures/T_Shelf_N.uasset" 167
"../../../../../../Users/Hampuz/Documents/Unreal Projects/MP_Shooter/Content/StarterContent/Props/Materials/M_Shelf.uasset" 168
"../../../../../../Users/Hampuz/Documents/Unreal Projects/MP_Shooter/Content/StarterContent/Props/SM_Shelf.uasset" 169
"../../../../../../Users/Hampuz/Documents/Unreal Projects/MP_Shooter/Content/StarterContent/Materials/M_Basic_Floor.uasset" 170
"../../../../../../Users/Hampuz/Documents/Unreal Projects/MP_Shooter/Content/StarterContent/Props/SM_Stairs.uasset" 171
"../../../../../../Users/Hampuz/Documents/Unreal Projects/MP_Shooter/Content/StarterContent/Shapes/Shape_Cone.uasset" 172
"../../../../../../Users/Hampuz/Documents/Unreal Projects/MP_Shooter/Content/StarterContent/Shapes/Shape_NarrowCapsule.uasset" 173
"../../../../../../Users/Hampuz/Documents/Unreal Projects/MP_Shooter/Content/StarterContent/Shapes/Shape_Pipe.uasset" 174
"../../../../../../Users/Hampuz/Documents/Unreal Projects/MP_Shooter/Content/StarterContent/Shapes/Shape_Pipe_180.uasset" 175
"../../../../../../Users/Hampuz/Documents/Unreal Projects/MP_Shooter/Content/StarterContent/Shapes/Shape_Pipe_90.uasset" 176
"../../../../../../Users/Hampuz/Documents/Unreal Projects/MP_Shooter/Content/StarterContent/Shapes/Shape_Plane.uasset" 177
"../../../../../../Users/Hampuz/Documents/Unreal Projects/MP_Shooter/Content/StarterContent/Shapes/Shape_Torus.uasset" 178
"../../../../../../Users/Hampuz/Documents/Unreal Projects/MP_Shooter/Content/StarterContent/Shapes/Shape_Trim.uasset" 179
"../../../../../../Users/Hampuz/Documents/Unreal Projects/MP_Shooter/Content/StarterContent/Shapes/Shape_Trim_90_In.uasset" 180
"../../../../../../Users/Hampuz/Documents/Unreal Projects/MP_Shooter/Content/StarterContent/Shapes/Shape_Trim_90_Out.uasset" 181
"../../../../../../Users/Hampuz/Documents/Unreal Projects/MP_Shooter/Content/StarterContent/Shapes/Shape_TriPyramid.uasset" 182
"../../../../../../Users/Hampuz/Documents/Unreal Projects/MP_Shooter/Content/StarterContent/Shapes/Shape_Tube.uasset" 183
"../../../../../../Users/Hampuz/Documents/Unreal Projects/MP_Shooter/Content/StarterContent/Shapes/Shape_Wedge_A.uasset" 184
"../../../../../../Users/Hampuz/Documents/Unreal Projects/MP_Shooter/Content/StarterContent/Shapes/Shape_Wedge_B.uasset" 185
"../../../../../../Users/Hampuz/Documents/Unreal Projects/MP_Shooter/Content/StarterContent/Shapes/Shape_WideCapsule.uasset" 186
"../../../../../../Users/Hampuz/Documents/Unreal Projects/MP_Shooter/Content/WeaponEffects/Explosion/T_Burst_M.uasset" 187
"../../../../../../Users/Hampuz/Documents/Unreal Projects/MP_Shooter/Content/WeaponEffects/Explosion/M_Burst.uasset" 188
"../../../../../../Users/Hampuz/Documents/Unreal Projects/MP_Shooter/Content/WeaponEffects/Explosion/T_Explosion_SubUV.uasset" 189
"../../../../../../Users/Hampuz/Documents/Unreal Projects/MP_Shooter/Content/WeaponEffects/Explosion/M_explosion_subUV.uasset" 190
"../../../../../../Users/Hampuz/Documents/Unreal Projects/MP_Shooter/Content/WeaponEffects/Explosion/m_flare_01.uasset" 191
"../../../../../../Users/Hampuz/Documents/Unreal Projects/MP_Shooter/Content/WeaponEffects/Explosion/M_radial_ramp.uasset" 192
"../../../../../../Users/Hampuz/Documents/Unreal Projects/MP_Shooter/Content/WeaponEffects/Explosion/T_Smoke_SubUV.uasset" 193
"../../../../../../Users/Hampuz/Documents/Unreal Projects/MP_Shooter/Content/WeaponEffects/Explosion/T_Smoke_Tiled_D.uasset" 194
"../../../../../../Users/Hampuz/Documents/Unreal Projects/MP_Shooter/Content/WeaponEffects/Explosion/M_smoke_subUV.uasset" 195
"../../../../../../Users/Hampuz/Documents/Unreal Projects/MP_Shooter/Content/WeaponEffects/Explosion/P_Explosion.uasset" 196
"../../../Engine/Content/Functions/Engine_MaterialFunctions01/Opacity/CameraDepthFade.uasset" 197
"../../../Engine/Content/EngineMaterials/T_Default_Material_Grid_M.uasset" 198
"../../../Engine/Content/EngineMaterials/T_Default_Material_Grid_N.uasset" 199
"../../../Engine/Content/EngineMaterials/DefaultMaterial.uasset" 200
"../../../Engine/Content/BasicShapes/Cone.uasset" 201
"../../../Engine/Content/BasicShapes/Cylinder.uasset" 202
"../../../Engine/Content/EngineMaterials/WorldGridMaterial.uasset" 203
"../../../Engine/Content/BasicShapes/Plane.uasset" 204
"../../../Engine/Content/BasicShapes/Sphere.uasset" 205
"../../../Engine/Content/EditorLandscapeResources/DataLayer.uasset" 206
"../../../Engine/Content/EditorMaterials/GizmoMaterial.uasset" 207
"../../../Engine/Content/EditorMaterials/MAT_Groups_Toggle.uasset" 208
"../../../Engine/Content/EditorMaterials/MAT_Groups_Visibility.uasset" 209
"../../../Engine/Content/EditorMaterials/PreviewShadowIndicator.uasset" 210
"../../../Engine/Content/EditorMaterials/PreviewShadowIndicatorMaterial.uasset" 211
"../../../Engine/Content/EditorMaterials/MatineeGroups/MAT_ColorTrack.uasset" 212
"../../../Engine/Content/EditorMaterials/MatineeGroups/MAT_Groups_Anim.uasset" 213
"../../../Engine/Content/EditorMaterials/MatineeGroups/MAT_Groups_AudioMaster.uasset" 214
"../../../Engine/Content/EditorMaterials/MatineeGroups/MAT_Groups_Director.uasset" 215
"../../../Engine/Content/EditorMaterials/MatineeGroups/MAT_Groups_Event.uasset" 216
"../../../Engine/Content/EditorMaterials/MatineeGroups/MAT_Groups_Fade.uasset" 217
"../../../Engine/Content/EditorMaterials/MatineeGroups/MAT_Groups_Float.uasset" 218
"../../../Engine/Content/EditorMaterials/MatineeGroups/MAT_Groups_Move.uasset" 219
"../../../Engine/Content/EditorMaterials/MatineeGroups/MAT_Groups_Slomo.uasset" 220
"../../../Engine/Content/EditorMaterials/MatineeGroups/MAT_Groups_Sound.uasset" 221
"../../../Engine/Content/EditorMaterials/MatineeGroups/MAT_Groups_Vector.uasset" 222
"../../../Engine/Content/EditorMaterials/ParticleSystems/PSysThumbnail_NoImage.uasset" 223
"../../../Engine/Content/EditorMaterials/ParticleSystems/PSysThumbnail_OOD.uasset" 224
"../../../Engine/Content/EditorMaterials/Camera/CineMat.uasset" 225
"../../../Engine/Content/EditorMaterials/Camera/MI_CineMat_Rig.uasset" 226
"../../../Engine/Content/EditorMeshes/Camera/SM_CraneRig_Arm.uasset" 227
"../../../Engine/Content/EditorMeshes/Camera/SM_CraneRig_Base.uasset" 228
"../../../Engine/Content/EditorMeshes/Camera/SM_CraneRig_Body.uasset" 229
"../../../Engine/Content/EditorMeshes/Camera/SM_CraneRig_Mount.uasset" 230
"../../../Engine/Content/EditorMeshes/Camera/SM_RailRig_Mount.uasset" 231
"../../../Engine/Content/EditorMeshes/Camera/SM_RailRig_Track.uasset" 232
"../../../Engine/Content/EditorResources/BSPVertex.uasset" 233
"../../../Engine/Content/EditorResources/EmptyActor.uasset" 234
"../../../Engine/Content/EditorResources/S_Actor.uasset" 235
"../../../Engine/Content/EditorResources/S_Trigger.uasset" 236
"../../../Engine/Content/EditorResources/AudioIcons/S_AudioComponent.uasset" 237
"../../../Engine/Content/EditorResources/AudioIcons/S_AudioComponent_AutoActivate.uasset" 238
"../../../Engine/Content/EditorResources/LightIcons/S_LightError.uasset" 239
"../../../Engine/Content/EditorResources/SequenceRecorder/Countdown.uasset" 240
"../../../Engine/Content/EditorResources/SequenceRecorder/RecordingIndicator.uasset" 241
"../../../Engine/Content/EditorSounds/Notifications/CompileFailed.uasset" 242
"../../../Engine/Content/EditorSounds/Notifications/CompileFailed_Cue.uasset" 243
"../../../Engine/Content/EditorSounds/Notifications/CompileSuccess.uasset" 244
"../../../Engine/Content/EditorSounds/Notifications/CompileStart_Cue.uasset" 245
"../../../Engine/Content/EditorSounds/Notifications/CompileSuccess_Cue.uasset" 246
"../../../Engine/Content/EngineDamageTypes/DmgTypeBP_Environmental.uasset" 247
"../../../Engine/Content/EngineDebugMaterials/HeatmapGradient.uasset" 248
"../../../Engine/Content/EngineDebugMaterials/BoneWeightMaterial.uasset" 249
"../../../Engine/Content/EngineDebugMaterials/ClothMaterial.uasset" 250
"../../../Engine/Content/EngineDebugMaterials/ClothMaterial_WF.uasset" 251
"../../../Engine/Content/EngineDebugMaterials/DebugEditorMaterial.uasset" 252
"../../../Engine/Content/EngineDebugMaterials/DebugMeshMaterial.uasset" 253
"../../../Engine/Content/EngineDebugMaterials/GeomMaterial.uasset" 254
"../../../Engine/Content/EngineFonts/Faces/RobotoBold.uasset" 255
"../../../Engine/Content/EngineFonts/Faces/RobotoBoldItalic.uasset" 256
"../../../Engine/Content/EngineFonts/Faces/RobotoItalic.uasset" 257
"../../../Engine/Content/EngineFonts/Faces/RobotoLight.uasset" 258
"../../../Engine/Content/EngineFonts/Faces/RobotoRegular.uasset" 259
"../../../Engine/Content/EngineFonts/Roboto.uasset" 260
"../../../Engine/Content/EngineFonts/Faces/RobotoTiny.uasset" 261
"../../../Engine/Content/EngineFonts/RobotoTiny.uasset" 262
"../../../Engine/Content/EngineMaterials/DefaultBloomKernel.uasset" 263
"../../../Engine/Content/EngineMaterials/DefaultBokeh.uasset" 264
"../../../Engine/Content/EngineMaterials/DefaultDeferredDecalMaterial.uasset" 265
"../../../Engine/Content/EngineMaterials/DefaultLightFunctionMaterial.uasset" 266
"../../../Engine/Content/EngineMaterials/DefaultPhysicalMaterial.uasset" 267
"../../../Engine/Content/Functions/Engine_MaterialFunctions02/Utility/BreakOutFloat2Components.uasset" 268
"../../../Engine/Content/EngineMaterials/DefaultPostProcessMaterial.uasset" 269
"../../../Engine/Content/EngineFonts/RobotoDistanceField.uasset" 270
"../../../Engine/Content/EngineMaterials/DefaultTextMaterialOpaque.uasset" 271
"../../../Engine/Content/EngineMaterials/DefaultWhiteGrid.uasset" 272
"../../../Engine/Content/EngineMaterials/EditorBrushMaterial.uasset" 273
"../../../Engine/Content/EngineMaterials/MiniFont.uasset" 274
"../../../Engine/Content/EngineMaterials/InvalidLightmapSettings.uasset" 275
"../../../Engine/Content/EngineMaterials/M_InvalidLightmapSettings.uasset" 276
"../../../Engine/Content/Functions/Engine_MaterialFunctions02/WorldPositionOffset/CameraOffset.uasset" 277
"../../../Engine/Content/EngineMaterials/PhAT_JointLimitMaterial.uasset" 278
"../../../Engine/Content/EngineMaterials/PreintegratedSkinBRDF.uasset" 279
"../../../Engine/Content/EngineMaterials/RemoveSurfaceMaterial.uasset" 280
"../../../Engine/Content/EngineMaterials/WeightMapPlaceholderTexture.uasset" 281
"../../../Engine/Content/EngineResources/WhiteSquareTexture.uasset" 282
"../../../Engine/Content/EngineMaterials/Widget3DPassThrough.uasset" 283
"../../../Engine/Content/EngineMaterials/Widget3DPassThrough_Masked.uasset" 284
"../../../Engine/Content/EngineMaterials/Widget3DPassThrough_Opaque.uasset" 285
"../../../Engine/Content/EngineMaterials/Widget3DPassThrough_Masked_OneSided.uasset" 286
"../../../Engine/Content/EngineMaterials/Widget3DPassThrough_Opaque_OneSided.uasset" 287
"../../../Engine/Content/EngineMaterials/Widget3DPassThrough_Translucent.uasset" 288
"../../../Engine/Content/EngineMaterials/Widget3DPassThrough_Translucent_OneSided.uasset" 289
"../../../Engine/Content/EngineMeshes/Cube.uasset" 290
"../../../Engine/Content/EngineMeshes/Cylinder.uasset" 291
"../../../Engine/Content/EngineMeshes/Sphere.uasset" 292
"../../../Engine/Content/EngineResources/Black.uasset" 293
"../../../Engine/Content/EngineResources/DefaultTexture.uasset" 294
"../../../Engine/Content/EngineResources/DefaultTextureCube.uasset" 295
"../../../Engine/Content/EngineResources/GradientTexture0.uasset" 296
"../../../Engine/Content/EngineSounds/Master.uasset" 297
"../../../Engine/Content/Functions/Engine_MaterialFunctions01/Shading/ConvertFromDiffSpec.uasset" 298
"../../../Engine/Content/Functions/Engine_MaterialFunctions01/Shading/PowerToRoughness.uasset" 299
"../../../Engine/Content/Maps/Templates/Thumbnails/Default.uasset" 300
"../../../Engine/Content/Maps/Templates/Thumbnails/VR-Basic.uasset" 301
"../../../Engine/Content/MobileResources/T_MobileControls_texture.uasset" 302
"../../../Engine/Content/MobileResources/T_MobileMenu2.uasset" 303
"../../../Engine/Content/MobileResources/HUD/AnalogHat.uasset" 304
"../../../Engine/Content/MobileResources/HUD/VirtualJoystick_Background.uasset" 305
"../../../Engine/Content/MobileResources/HUD/VirtualJoystick_Thumb.uasset" 306
"../../../Engine/Content/MobileResources/HUD/DefaultVirtualJoysticks.uasset" 307
"../../../Engine/Content/MobileResources/HUD/LeftVirtualJoystickOnly.uasset" 308
"../../../Engine/Content/MobileResources/HUD/MobileHUDButton1_off.uasset" 309
"../../../Engine/Content/MobileResources/HUD/MobileHUDButton1_on.uasset" 310
"../../../Engine/Content/MobileResources/HUD/MobileHUDButton2_off.uasset" 311
"../../../Engine/Content/MobileResources/HUD/MobileHUDButton2_on.uasset" 312
"../../../Engine/Content/MobileResources/HUD/MobileHUDButton3.uasset" 313
"../../../Engine/Content/MobileResources/HUD/MobileHUDButtonFire.uasset" 314
"../../../Engine/Content/MobileResources/HUD/MobileHUDDirectionPad.uasset" 315
"../../../Engine/Content/MobileResources/HUD/MobileHUDDirectionPad2.uasset" 316
"../../../Engine/Content/MobileResources/HUD/MobileHUDDirectionPad3.uasset" 317
"../../../Engine/Content/MobileResources/HUD/MobileHUDDirectionStick.uasset" 318
"../../../Engine/Content/MobileResources/HUD/T_Castle_ThumbstickInner.uasset" 319
"../../../Engine/Content/MobileResources/HUD/T_Castle_ThumbstickOutter.uasset" 320
"../../../Engine/Content/Tutorial/ContentIntroCurve.uasset" 321
"../../../Engine/Content/Tutorial/Basics/TutorialAssets/icon_tab_Levels_40x.uasset" 322
"../../../Engine/Content/Tutorial/BlueprintTutorials/TutorialAssets/BlueprintInterface_64x.uasset" 323
"../../../Engine/Content/Tutorial/BlueprintTutorials/TutorialAssets/BlueprintMacroLibrary_64x.uasset" 324
"../../../Engine/Content/Tutorial/BlueprintTutorials/TutorialAssets/Blueprint_64x.uasset" 325
"../../../Engine/Content/Tutorial/BlueprintTutorials/TutorialAssets/Tutorial_BP_Interface.uasset" 326
"../../../Engine/Content/Tutorial/Foliage/TutorialAssets/Foliage.uasset" 327
"../../../Engine/Content/Tutorial/Landscape/TutorialAssets/Landscape.uasset" 328
"../../../Engine/Content/Tutorial/Paper2D/TutorialAssets/Paper2DFlipbook_TutorialIcon.uasset" 329
"../../../Engine/Content/Tutorial/Paper2D/TutorialAssets/Paper2DSprite_TutorialIcon.uasset" 330
"../../../Engine/Content/Tutorial/SubEditors/TutorialAssets/icon_Editor_Preferences_General_40x.uasset" 331
"../../../Engine/Content/Tutorial/SubEditors/TutorialAssets/icon_ShowSkeletalMeshes_40x.uasset" 332
"../../../Engine/Content/Tutorial/SubEditors/TutorialAssets/TutorialMaterial.uasset" 333
"../../../Engine/Content/Tutorial/SubEditors/TutorialAssets/T_SmokeSubUV_8X8.uasset" 334
"../../../Engine/Content/Tutorial/SubEditors/TutorialAssets/T_soft_smoke.uasset" 335
"../../../Engine/Content/Tutorial/SubEditors/TutorialAssets/M_smoke_subUV_blackbody.uasset" 336
"../../../Engine/Content/Tutorial/SubEditors/TutorialAssets/TutorialParticleSystem.uasset" 337
"../../../Engine/Content/VREditor/Devices/Generic/GenericHMDMaterial.uasset" 338
"../../../Engine/Content/VREditor/Devices/Generic/GenericHMD.uasset" 339
"../../../Engine/Content/VREditor/Devices/Vive/VivePreController_MasksB.uasset" 340
"../../../Engine/Content/VREditor/Devices/Oculus/OculusControllerMaterial.uasset" 341
"../../../Engine/Content/VREditor/Devices/Oculus/OculusControllerMaterial_Inst.uasset" 342
"../../../Engine/Content/VREditor/Devices/Oculus/OculusControllerMesh.uasset" 343
"../../../Engine/Content/VREditor/Devices/Vive/T_VivePreController_EM.uasset" 344
"../../../Engine/Content/VREditor/Devices/Vive/VivePreController_MasksA.uasset" 345
"../../../Engine/Content/VREditor/Devices/Vive/VivePreControllerDiffuse.uasset" 346
"../../../Engine/Content/VREditor/Devices/Vive/VivePreControllerSpec.uasset" 347
"../../../Engine/Content/VREditor/LaserPointer/VR_LaserPower_01.uasset" 348
"../../../Engine/Content/VREditor/Devices/Vive/VivePreControllerMaterial.uasset" 349
"../../../Engine/Content/VREditor/Devices/Vive/VivePreControllerMaterial_Inst.uasset" 350
"../../../Engine/Content/VREditor/Devices/Vive/VivePreControllerMesh.uasset" 351
"../../../Engine/Content/VREditor/FloatingText/LineMaterial.uasset" 352
"../../../Engine/Content/VREditor/FloatingText/JointSphere.uasset" 353
"../../../Engine/Content/VREditor/FloatingText/LineSegmentCylinder.uasset" 354
"../../../Engine/Content/VREditor/Fonts/VRText_RobotoLarge.uasset" 355
"../../../Engine/Content/VREditor/Fonts/VRTextMaterial.uasset" 356
"../../../Engine/Content/VREditor/Fonts/TranslucentVRTextMaterial.uasset" 357
"../../../Engine/Content/VREditor/LaserPointer/CursorPointer.uasset" 358
"../../../Engine/Content/VREditor/TransformGizmo/TransformGizmoMaterial.uasset" 359
"../../../Engine/Content/VREditor/LaserPointer/HoverMaterial.uasset" 360
"../../../Engine/Content/VREditor/TransformGizmo/TranslucentTransformGizmoMaterial.uasset" 361
"../../../Engine/Content/VREditor/LaserPointer/TranslucentHoverMaterial.uasset" 362
"../../../Engine/Content/VREditor/LaserPointer/HoverMesh.uasset" 363
"../../../Engine/Content/VREditor/LaserPointer/LaserPointerMaterial.uasset" 364
"../../../Engine/Content/VREditor/LaserPointer/LaserPointerMaterialInst.uasset" 365
"../../../Engine/Content/VREditor/LaserPointer/TranslucentLaserPointerMaterialInst.uasset" 366
"../../../Engine/Content/VREditor/LaserPointer/LaserPointerMesh.uasset" 367
"../../../Engine/Content/VREditor/LaserPointer/LaserPointerMesh_End.uasset" 368
"../../../Engine/Content/VREditor/LaserPointer/LaserPointerMesh_Start.uasset" 369
"../../../Engine/Content/VREditor/Sounds/VR_teleport.uasset" 370
"../../../Engine/Content/VREditor/Sounds/UI/Click_on_Button.uasset" 371
"../../../Engine/Content/VREditor/Sounds/UI/Click_on_Button_Cue.uasset" 372
"../../../Engine/Content/VREditor/Sounds/UI/Dockable_Window_Close.uasset" 373
"../../../Engine/Content/VREditor/Sounds/UI/Dockable_Window_Drop.uasset" 374
"../../../Engine/Content/VREditor/Sounds/UI/Dockable_Window_Open.uasset" 375
"../../../Engine/Content/VREditor/Sounds/UI/Dockable_Window_Pick_Up.uasset" 376
"../../../Engine/Content/VREditor/Sounds/UI/Drop_Item_From_ContentBrowser.uasset" 377
"../../../Engine/Content/VREditor/Sounds/UI/Floating_UI_Open-001.uasset" 378
"../../../Engine/Content/VREditor/Sounds/UI/Radial_Menu_FadeOut.uasset" 379
"../../../Engine/Content/VREditor/Sounds/UI/Teleport_Mode_Entered.uasset" 380
"../../../Engine/Content/VREditor/Teleport/TeleportDirectionMaterial.uasset" 381
"../../../Engine/Content/VREditor/Teleport/TeleportDirectionMaterial_Inst.uasset" 382
"../../../Engine/Content/VREditor/Teleport/TeleportDirectionMesh.uasset" 383
"../../../Engine/Content/VREditor/TransformGizmo/BoundingBoxCorner.uasset" 384
"../../../Engine/Content/VREditor/TransformGizmo/BoundingBoxEdge.uasset" 385
"../../../Engine/Content/VREditor/TransformGizmo/PlaneTranslationHandle.uasset" 386
"../../../Engine/Content/VREditor/TransformGizmo/Main.uasset" 387
"../../../Engine/Content/VREditor/TransformGizmo/Xray.uasset" 388
"../../../Engine/Content/VREditor/TransformGizmo/SM_Dialog_Close.uasset" 389
"../../../Engine/Content/VREditor/TransformGizmo/SM_Dialog_Move.uasset" 390
"../../../Engine/Content/VREditor/TransformGizmo/SM_Sequencer_Key.uasset" 391
"../../../Engine/Content/VREditor/TransformGizmo/SM_Sequencer_Node.uasset" 392
"../../../Engine/Content/VREditor/TransformGizmo/TransformGizmoMaterial_Inst.uasset" 393
"../../../Engine/Content/VREditor/TransformGizmo/TranslucentTransformGizmoMaterial_Inst.uasset" 394
"../../../Engine/Content/VREditor/Devices/Vive/UE4_Logo.uasset" 395
"../../../Engine/Content/VREditor/UI/M_ContentWindow.uasset" 396
"../../../Engine/Content/VREditor/UI/SM_ContentWindow_01.uasset" 397
"../../../Engine/Content/VREditor/UI/KeyDiskMaterial.uasset" 398
"../../../Engine/Content/VREditor/UI/DiscMaterial.uasset" 399
"../../../Engine/Content/VREditor/UI/SM_Radial_Disk.uasset" 400
"../../../Engine/Content/VREditor/UI/ArrowMaterial.uasset" 401
"../../../Engine/Content/VREditor/UI/SM_Radial_Pointer.uasset" 402
"../../../Engine/Content/VREditor/WorldMovementGrid/SimpleGrid.uasset" 403
"../../../Engine/Content/VREditor/WorldMovementGrid/GridMaterial.uasset" 404
"../../../Engine/Content/Functions/Engine_MaterialFunctions01/Density/ExponentialDensity.uasset" 405
"../../../Engine/Content/VREditor/WorldMovementGrid/GridPostProcess.uasset" 406
"../../../Engine/Content/EditorLandscapeResources/FlattenHeightMat.uasset" 407
"../../../Engine/Content/VREditor/WorldMovementGrid/PlaneMesh.uasset" 408
"../../Plugins/2D/Paper2D/Content/PlaceholderTextures/DummySpriteTexture.uasset" 409
"../../Plugins/2D/Paper2D/Content/DummySprite.uasset" 410
"../../Plugins/2D/Paper2D/Content/DefaultPaperTerrainMaterial.uasset" 411
"../../Plugins/2D/Paper2D/Content/DefaultSpriteMaterial.uasset" 412
"../../Plugins/2D/Paper2D/Content/MaskedUnlitSpriteMaterial.uasset" 413
"../../Plugins/2D/Paper2D/Content/OpaqueUnlitSpriteMaterial.uasset" 414
"../../Plugins/Media/MediaCompositing/Content/DefaultMediaPlaneTexture.uasset" 415
"../../Plugins/Media/MediaCompositing/Content/DefaultMediaPlaneMaterial.uasset" 416
"../../../Engine/Content/Functions/Engine_MaterialFunctions02/Utility/MakeFloat4.uasset" 417
"../../Plugins/Runtime/AppleARKit/Content/ARKitCameraMaterial.uasset" 418
"../../Plugins/Runtime/Oculus/OculusVR/Content/Textures/GearVRController_AO.uasset" 419
"../../Plugins/Runtime/Oculus/OculusVR/Content/Textures/GearVRController_Color.uasset" 420
"../../Plugins/Runtime/Oculus/OculusVR/Content/Textures/GearVRController_Normal.uasset" 421
"../../Plugins/Runtime/Oculus/OculusVR/Content/Materials/GearVRControllerMaterial.uasset" 422
"../../Plugins/Runtime/Oculus/OculusVR/Content/Meshes/GearVrController.uasset" 423
"../../../Engine/Content/EngineSky/C_Sky_Cloud_Color.uasset" 424
"../../../Engine/Content/EngineSky/C_Sky_Horizon_Color.uasset" 425
"../../../Engine/Content/EngineSky/C_Sky_Zenith_Color.uasset" 426
"../../../Engine/Content/EngineSky/T_Sky_Blue.uasset" 427
"../../../Engine/Content/EngineSky/T_Sky_Clouds_M.uasset" 428
"../../../Engine/Content/EngineSky/T_Sky_Stars.uasset" 429
"../../../Engine/Content/EngineSky/M_Sky_Panning_Clouds2.uasset" 430
"../../../Engine/Content/EngineSky/SM_SkySphere.uasset" 431
"../../../Engine/Content/EngineSky/BP_Sky_Sphere.uasset" 432
"../../../Engine/Content/EditorBlueprintResources/ActorMacros.uasset" 433
"../../../../../../Users/Hampuz/Documents/Unreal Projects/MP_Shooter/Content/Blueprints/Enemys/Jog_Fwd_Downhill_Combat.uasset" 434
"../../../../../../Users/Hampuz/Documents/Unreal Projects/MP_Shooter/Content/AnimStarterPack/UE4_Mannequin/Mesh/UE4_Mannequin_Skeleton.uasset" 435
"../../../../../../Users/Hampuz/Documents/Unreal Projects/MP_Shooter/Content/AnimStarterPack/Crouch_Idle_Rifle_Hip.uasset" 436
"../../../../../../Users/Hampuz/Documents/Unreal Projects/MP_Shooter/Content/AnimStarterPack/Death_1.uasset" 437
"../../../../../../Users/Hampuz/Documents/Unreal Projects/MP_Shooter/Content/AnimStarterPack/Idle_Rifle_Hip.uasset" 438
"../../../../../../Users/Hampuz/Documents/Unreal Projects/MP_Shooter/Content/AnimStarterPack/Jump_From_Jog.uasset" 439
"../../../../../../Users/Hampuz/Documents/Unreal Projects/MP_Shooter/Content/AnimStarterPack/Jump_From_Stand.uasset" 440
"../../../../../../Users/Hampuz/Documents/Unreal Projects/MP_Shooter/Content/AnimStarterPack/Crouch_Walk_Bwd_Rifle_Hip.uasset" 441
"../../../../../../Users/Hampuz/Documents/Unreal Projects/MP_Shooter/Content/AnimStarterPack/Crouch_Walk_Fwd_Rifle_Hip.uasset" 442
"../../../../../../Users/Hampuz/Documents/Unreal Projects/MP_Shooter/Content/AnimStarterPack/Crouch_Walk_Lt_Rifle_Hip.uasset" 443
"../../../../../../Users/Hampuz/Documents/Unreal Projects/MP_Shooter/Content/AnimStarterPack/Crouch_Walk_Rt_Rifle_Hip.uasset" 444
"../../../../../../Users/Hampuz/Documents/Unreal Projects/MP_Shooter/Content/AnimStarterPack/BS_CrouchWalk.uasset" 445
"../../../../../../Users/Hampuz/Documents/Unreal Projects/MP_Shooter/Content/AnimStarterPack/Jog_Bwd_Rifle.uasset" 446
"../../../../../../Users/Hampuz/Documents/Unreal Projects/MP_Shooter/Content/AnimStarterPack/Jog_Fwd_Rifle.uasset" 447
"../../../../../../Users/Hampuz/Documents/Unreal Projects/MP_Shooter/Content/AnimStarterPack/Jog_Lt_Rifle.uasset" 448
"../../../../../../Users/Hampuz/Documents/Unreal Projects/MP_Shooter/Content/AnimStarterPack/Jog_Rt_Rifle.uasset" 449
"../../../../../../Users/Hampuz/Documents/Unreal Projects/MP_Shooter/Content/AnimStarterPack/BS_Jog.uasset" 450
"../../../../../../Users/Hampuz/Documents/Unreal Projects/MP_Shooter/Content/AnimStarterPack/UE4ASP_HeroTPP_AnimBlueprint.uasset" 451
"../../../../../../Users/Hampuz/Documents/Unreal Projects/MP_Shooter/Content/Blueprints/BP_CameraShake_RifleFire.uasset" 452
"../../../../../../Users/Hampuz/Documents/Unreal Projects/MP_Shooter/Content/WeaponEffects/BasicTracer/Beam.uasset" 453
"../../../../../../Users/Hampuz/Documents/Unreal Projects/MP_Shooter/Content/WeaponEffects/BasicTracer/M_Beam.uasset" 454
"../../../../../../Users/Hampuz/Documents/Unreal Projects/MP_Shooter/Content/WeaponEffects/BasicTracer/P_SmokeTrail.uasset" 455
"../../../../../../Users/Hampuz/Documents/Unreal Projects/MP_Shooter/Content/WeaponEffects/BloodImpact/clouds_dust_detail_01.uasset" 456
"../../../../../../Users/Hampuz/Documents/Unreal Projects/MP_Shooter/Content/WeaponEffects/BloodImpact/M_blood_cloud_01.uasset" 457
"../../../../../../Users/Hampuz/Documents/Unreal Projects/MP_Shooter/Content/WeaponEffects/BloodImpact/T_BloodSplatter_Frames01.uasset" 458
"../../../../../../Users/Hampuz/Documents/Unreal Projects/MP_Shooter/Content/WeaponEffects/BloodImpact/M_blood_splash_01.uasset" 459
"../../../../../../Users/Hampuz/Documents/Unreal Projects/MP_Shooter/Content/WeaponEffects/BloodImpact/T_BloodSplat_03_SubUV.uasset" 460
"../../../../../../Users/Hampuz/Documents/Unreal Projects/MP_Shooter/Content/WeaponEffects/BloodImpact/M_blood_splash_03.uasset" 461
"../../../../../../Users/Hampuz/Documents/Unreal Projects/MP_Shooter/Content/WeaponEffects/BloodImpact/P_blood_splash_02.uasset" 462
"../../../../../../Users/Hampuz/Documents/Unreal Projects/MP_Shooter/Content/WeaponEffects/GenericImpact/Flare_02.uasset" 463
"../../../../../../Users/Hampuz/Documents/Unreal Projects/MP_Shooter/Content/WeaponEffects/GenericImpact/M_LensFlare_02.uasset" 464
"../../../../../../Users/Hampuz/Documents/Unreal Projects/MP_Shooter/Content/WeaponEffects/GenericImpact/T_SparkCore_2X2.uasset" 465
"../../../../../../Users/Hampuz/Documents/Unreal Projects/MP_Shooter/Content/WeaponEffects/GenericImpact/M_spark_subUV.uasset" 466
"../../../../../../Users/Hampuz/Documents/Unreal Projects/MP_Shooter/Content/WeaponEffects/GenericImpact/P_RifleImpact.uasset" 467
"../../../../../../Users/Hampuz/Documents/Unreal Projects/MP_Shooter/Content/WeaponEffects/Muzzle/MuzzleSmokeOne_1024_11x11.uasset" 468
"../../../../../../Users/Hampuz/Documents/Unreal Projects/MP_Shooter/Content/WeaponEffects/Muzzle/MuzzleFlash_Master.uasset" 469
"../../../../../../Users/Hampuz/Documents/Unreal Projects/MP_Shooter/Content/WeaponEffects/Muzzle/MuzzleFlash_Master_Inst.uasset" 470
"../../../../../../Users/Hampuz/Documents/Unreal Projects/MP_Shooter/Content/WeaponEffects/Muzzle/MuzzleTwo_2048_6x6.uasset" 471
"../../../../../../Users/Hampuz/Documents/Unreal Projects/MP_Shooter/Content/WeaponEffects/Muzzle/MuzzleFlash_Master_Inst_2.uasset" 472
"../../../../../../Users/Hampuz/Documents/Unreal Projects/MP_Shooter/Content/WeaponEffects/Muzzle/P_Muzzle_Large.uasset" 473
"../../../../../../Users/Hampuz/Documents/Unreal Projects/MP_Shooter/Content/Weapons/Crosshairs/T_Crosshair_Horizontal_M.uasset" 474
"../../../../../../Users/Hampuz/Documents/Unreal Projects/MP_Shooter/Content/Weapons/Crosshairs/T_Crosshair_Scanline_M.uasset" 475
"../../../../../../Users/Hampuz/Documents/Unreal Projects/MP_Shooter/Content/Weapons/Crosshairs/M_Crosshairs_MultiHolo_Scanline.uasset" 476
"../../../../../../Users/Hampuz/Documents/Unreal Projects/MP_Shooter/Content/Weapons/Rifle/MagGun_01_N.uasset" 477
"../../../../../../Users/Hampuz/Documents/Unreal Projects/MP_Shooter/Content/Weapons/Rifle/M_Weapon01.uasset" 478
"../../../../../../Users/Hampuz/Documents/Unreal Projects/MP_Shooter/Content/Weapons/Rifle/MI_Rifle01.uasset" 479
"../../../../../../Users/Hampuz/Documents/Unreal Projects/MP_Shooter/Content/Weapons/Rifle/MagGun_02_N.uasset" 480
"../../../../../../Users/Hampuz/Documents/Unreal Projects/MP_Shooter/Content/Weapons/Rifle/MI_Rifle02.uasset" 481
"../../../../../../Users/Hampuz/Documents/Unreal Projects/MP_Shooter/Content/Weapons/Rifle/SK_Rifle_Skeleton.uasset" 482
"../../../../../../Users/Hampuz/Documents/Unreal Projects/MP_Shooter/Content/Weapons/Rifle/SK_Rifle.uasset" 483
"../../../../../../Users/Hampuz/Documents/Unreal Projects/MP_Shooter/Content/Blueprints/BP_MPWeaponRifle.uasset" 484
"../../../../../../Users/Hampuz/Documents/Unreal Projects/MP_Shooter/Content/Blueprints/BP_MPPlayerController.uasset" 485
"../../../../../../Users/Hampuz/Documents/Unreal Projects/MP_Shooter/Content/Blueprints/EnemySpawnPoint.uasset" 486
"../../../../../../Users/Hampuz/Documents/Unreal Projects/MP_Shooter/Content/Blueprints/MPGameMode.uasset" 487
"../../../../../../Users/Hampuz/Documents/Unreal Projects/MP_Shooter/Content/Blueprints/Inventory/Inventory_Struct.uasset" 488
"../../../Engine/Content/Functions/MaterialLayerFunctions/MatLayerBlend_AO.uasset" 489
"../../../../../../Users/Hampuz/Documents/Unreal Projects/MP_Shooter/Content/AnimStarterPack/UE4_Mannequin/Materials/MaterialLayers/T_ML_Rubber_Blue_01_D.uasset" 490
"../../../../../../Users/Hampuz/Documents/Unreal Projects/MP_Shooter/Content/AnimStarterPack/UE4_Mannequin/Materials/MaterialLayers/T_ML_Rubber_Blue_01_N.uasset" 491
"../../../../../../Users/Hampuz/Documents/Unreal Projects/MP_Shooter/Content/AnimStarterPack/UE4_Mannequin/Materials/MaterialLayers/ML_GlossyBlack_Latex_UE4.uasset" 492
"../../../../../../Users/Hampuz/Documents/Unreal Projects/MP_Shooter/Content/AnimStarterPack/UE4_Mannequin/Materials/MaterialLayers/ML_Plastic_Shiny_Beige.uasset" 493
"../../../../../../Users/Hampuz/Documents/Unreal Projects/MP_Shooter/Content/AnimStarterPack/UE4_Mannequin/Textures/UE4_LOGO_CARD.uasset" 494
"../../../../../../Users/Hampuz/Documents/Unreal Projects/MP_Shooter/Content/AnimStarterPack/UE4_Mannequin/Materials/MaterialLayers/ML_Plastic_Shiny_Beige_LOGO.uasset" 495
"../../../../../../Users/Hampuz/Documents/Unreal Projects/MP_Shooter/Content/AnimStarterPack/UE4_Mannequin/Materials/MaterialLayers/T_ML_Aluminum01.uasset" 496
"../../../../../../Users/Hampuz/Documents/Unreal Projects/MP_Shooter/Content/AnimStarterPack/UE4_Mannequin/Materials/MaterialLayers/T_ML_Aluminum01_N.uasset" 497
"../../../../../../Users/Hampuz/Documents/Unreal Projects/MP_Shooter/Content/AnimStarterPack/UE4_Mannequin/Materials/MaterialLayers/ML_SoftMetal_UE4.uasset" 498
"../../../../../../Users/Hampuz/Documents/Unreal Projects/MP_Shooter/Content/AnimStarterPack/UE4_Mannequin/Textures/UE4_Mannequin__normals.uasset" 499
"../../../../../../Users/Hampuz/Documents/Unreal Projects/MP_Shooter/Content/AnimStarterPack/UE4_Mannequin/Textures/UE4_Mannequin_MAT_MASKA.uasset" 500
"../../../../../../Users/Hampuz/Documents/Unreal Projects/MP_Shooter/Content/AnimStarterPack/UE4_Mannequin/Textures/UE4_Mannequin_occlusion_Mobile.uasset" 501
"../../../../../../Users/Hampuz/Documents/Unreal Projects/MP_Shooter/Content/AnimStarterPack/UE4_Mannequin/Materials/M_UE4Man_Body.uasset" 502
"../../../../../../Users/Hampuz/Documents/Unreal Projects/MP_Shooter/Content/AnimStarterPack/UE4_Mannequin/Textures/UE4Man_Logo_N.uasset" 503
"../../../../../../Users/Hampuz/Documents/Unreal Projects/MP_Shooter/Content/AnimStarterPack/UE4_Mannequin/Materials/M_UE4Man_ChestLogo.uasset" 504
"../../../../../../Users/Hampuz/Documents/Unreal Projects/MP_Shooter/Content/Core/PhysMat_FleshDefault.uasset" 505
"../../../../../../Users/Hampuz/Documents/Unreal Projects/MP_Shooter/Content/Core/PhysMat_FleshVulnerable.uasset" 506
"../../../../../../Users/Hampuz/Documents/Unreal Projects/MP_Shooter/Content/AnimStarterPack/UE4_Mannequin/Mesh/SK_Mannequin_PhysicsAsset.uasset" 507
"../../../../../../Users/Hampuz/Documents/Unreal Projects/MP_Shooter/Content/AnimStarterPack/UE4_Mannequin/Mesh/SK_Mannequin.uasset" 508
"../../../../../../Users/Hampuz/Documents/Unreal Projects/MP_Shooter/Content/Blueprints/Inventory/UI_ItemData.uasset" 509
"../../../../../../Users/Hampuz/Documents/Unreal Projects/MP_Shooter/Content/Blueprints/Inventory/UI_Inventory.uasset" 510
"../../../../../../Users/Hampuz/Documents/Unreal Projects/MP_Shooter/Content/Blueprints/TempHud/BP_TempHud.uasset" 511
"../../../../../../Users/Hampuz/Documents/Unreal Projects/MP_Shooter/Content/UI/WBP_Crosshair.uasset" 512
"../../../../../../Users/Hampuz/Documents/Unreal Projects/MP_Shooter/Content/Textures/T_HealthMask.uasset" 513
"../../../../../../Users/Hampuz/Documents/Unreal Projects/MP_Shooter/Content/Materials/M_HealthIndicator.uasset" 514
"../../../../../../Users/Hampuz/Documents/Unreal Projects/MP_Shooter/Content/UI/WBP_HealthIndicator.uasset" 515
"../../../../../../Users/Hampuz/Documents/Unreal Projects/MP_Shooter/Content/Blueprints/BP_MPCharacter.uasset" 516
"../../../Engine/Content/BasicShapes/BasicShapeMaterial.uasset" 517
"../../../Engine/Content/BasicShapes/Cube.uasset" 518
"../../../../../../Users/Hampuz/Documents/Unreal Projects/MP_Shooter/Content/ParagonMinions/Characters/Minions/Down_Minions/Meshes/Minion_Lane_Melee_Dawn.uasset" 519
"../../../../../../Users/Hampuz/Documents/Unreal Projects/MP_Shooter/Content/StarterContent/Particles/Materials/m_flare_03.uasset" 520
"../../../../../../Users/Hampuz/Documents/Unreal Projects/MP_Shooter/Content/StarterContent/Particles/P_deathParticle.uasset" 521
"../../../../../../Users/Hampuz/Documents/Unreal Projects/MP_Shooter/Content/Blueprints/Enemys/BP_SimpleEnemy.uasset" 522
"../../../../../../Users/Hampuz/Documents/Unreal Projects/MP_Shooter/Content/StarterContent/Shapes/Shape_Cylinder.uasset" 523
"../../../../../../Users/Hampuz/Documents/Unreal Projects/MP_Shooter/Content/Blueprints/EndPlate/BP_KillPlate.uasset" 524
"../../../../../../Users/Hampuz/Documents/Unreal Projects/MP_Shooter/Content/StarterContent/Materials/M_AssetPlatform.uasset" 525
"../../../../../../Users/Hampuz/Documents/Unreal Projects/MP_Shooter/Content/Geometry/Meshes/CubeMaterial.uasset" 526
"../../../../../../Users/Hampuz/Documents/Unreal Projects/MP_Shooter/Content/Geometry/Meshes/1M_Cube.uasset" 527
"../../../../../../Users/Hampuz/Documents/Unreal Projects/MP_Shooter/Content/Blueprints/Store/BP_Store.uasset" 528
"../../../../../../Users/Hampuz/Documents/Unreal Projects/MP_Shooter/Content/Maps/HeroLine_BuiltData.uasset" 529
"../../../../../../Users/Hampuz/Documents/Unreal Projects/MP_Shooter/Content/Materials/M_ExplosiveBarrel.uasset" 530
"../../../../../../Users/Hampuz/Documents/Unreal Projects/MP_Shooter/Content/Material/MF_WorldUVs.uasset" 531
"../../../Engine/Content/VREditor/BasicMeshes/T_CleanFloorGrunge_01_D.uasset" 532
"../../../../../../Users/Hampuz/Documents/Unreal Projects/MP_Shooter/Content/Material/M_BlockoutSimple.uasset" 533
"../../../../../../Users/Hampuz/Documents/Unreal Projects/MP_Shooter/Content/Material/MI_BlockoutSimple_Inst.uasset" 534
"../../../Engine/Content/MapTemplates/SM_Template_Map_Floor.uasset" 535
"../../../../../../Users/Hampuz/Documents/Unreal Projects/MP_Shooter/Content/Maps/HeroLine.umap" 536
"../../../../../../Users/Hampuz/Documents/Unreal Projects/MP_Shooter/Content/UI/WBP_Friendlist_Entry.uasset" 537
"../../../../../../Users/Hampuz/Documents/Unreal Projects/MP_Shooter/Content/UI/WBP_Party_Entry.uasset" 538
"../../../../../../Users/Hampuz/Documents/Unreal Projects/MP_Shooter/Content/UI/WBP_FriendList.uasset" 539
"../../../../../../Users/Hampuz/Documents/Unreal Projects/MP_Shooter/Content/UI/E_MainMenuState.uasset" 540
"../../../../../../Users/Hampuz/Documents/Unreal Projects/MP_Shooter/Content/Blueprints/GameGI.uasset" 541
"../../../../../../Users/Hampuz/Documents/Unreal Projects/MP_Shooter/Content/UI/WBP_HostGame.uasset" 542
"../../../../../../Users/Hampuz/Documents/Unreal Projects/MP_Shooter/Content/UI/WBP_Game_Entry.uasset" 543
"../../../../../../Users/Hampuz/Documents/Unreal Projects/MP_Shooter/Content/UI/WBP_SearchGame.uasset" 544
"../../../../../../Users/Hampuz/Documents/Unreal Projects/MP_Shooter/Content/UI/WBP_SessionInvitation.uasset" 545
"../../../../../../Users/Hampuz/Documents/Unreal Projects/MP_Shooter/Content/UI/WBP_MainMenu.uasset" 546
"../../../../../../Users/Hampuz/Documents/Unreal Projects/MP_Shooter/Content/Blueprints/MainMenuGM.uasset" 547
"../../../../../../Users/Hampuz/Documents/Unreal Projects/MP_Shooter/Content/Maps/Menu_BuiltData.uasset" 548
"../../../../../../Users/Hampuz/Documents/Unreal Projects/MP_Shooter/Content/Maps/Menu.umap" 549
"../../../../../../Users/Hampuz/Documents/Unreal Projects/MP_Shooter/Content/Materials/M_ExplosiveBarrelExploded.uasset" 550
"../../../../../../Users/Hampuz/Documents/Unreal Projects/MP_Shooter/Content/Geometry/Meshes/SM_ExplosiveBarrel.uasset" 551
"../../../../../../Users/Hampuz/Documents/Unreal Projects/MP_Shooter/Content/Blueprints/BP_ExplosiveBarrelActor.uasset" 552
"../../../../../../Users/Hampuz/Documents/Unreal Projects/MP_Shooter/Content/Blueprints/BP_PowerupActor_Base.uasset" 553
"../../../../../../Users/Hampuz/Documents/Unreal Projects/MP_Shooter/Content/PowerUps/M_PowerupLightFunction.uasset" 554
"../../../../../../Users/Hampuz/Documents/Unreal Projects/MP_Shooter/Content/PowerUps/Material_Inst_HPRegeneration.uasset" 555
"../../../../../../Users/Hampuz/Documents/Unreal Projects/MP_Shooter/Content/PowerUps/HealthIcon.uasset" 556
"../../../../../../Users/Hampuz/Documents/Unreal Projects/MP_Shooter/Content/Blueprints/BP_HealthPowerupActor.uasset" 557
"../../../../../../Users/Hampuz/Documents/Unreal Projects/MP_Shooter/Content/Blueprints/BP_PickupSpawnerActor.uasset" 558
"../../../../../../Users/Hampuz/Documents/Unreal Projects/MP_Shooter/Content/Geometry/Meshes/1M_Cube_Chamfer.uasset" 559
"../../../../../../Users/Hampuz/Documents/Unreal Projects/MP_Shooter/Content/Geometry/Meshes/RampMaterial.uasset" 560
"../../../../../../Users/Hampuz/Documents/Unreal Projects/MP_Shooter/Content/Geometry/Meshes/Bump_StaticMesh.uasset" 561
"../../../../../../Users/Hampuz/Documents/Unreal Projects/MP_Shooter/Content/Geometry/Meshes/LeftArm_StaticMesh.uasset" 562
"../../../../../../Users/Hampuz/Documents/Unreal Projects/MP_Shooter/Content/Geometry/Meshes/Linear_Stair_StaticMesh.uasset" 563
"../../../../../../Users/Hampuz/Documents/Unreal Projects/MP_Shooter/Content/Geometry/Meshes/Ramp_StaticMesh.uasset" 564
"../../../../../../Users/Hampuz/Documents/Unreal Projects/MP_Shooter/Content/Geometry/Meshes/RightArm_StaticMesh.uasset" 565
"../../../../../../Users/Hampuz/Documents/Unreal Projects/MP_Shooter/Content/Geometry/Meshes/TemplateFloor.uasset" 566
"../../../../../../Users/Hampuz/Documents/Unreal Projects/MP_Shooter/Content/Maps/ThirdPersonExampleMap.umap" 567
"../../../../../../Users/Hampuz/Documents/Unreal Projects/MP_Shooter/Content/StarterContent/Blueprints/Assets/FogBrightnessLUT.uasset" 568
"../../../../../../Users/Hampuz/Documents/Unreal Projects/MP_Shooter/Content/StarterContent/Blueprints/Assets/SunlightColorLUT.uasset" 569
"../../../../../../Users/Hampuz/Documents/Unreal Projects/MP_Shooter/Content/StarterContent/Blueprints/Assets/M_LightStage_Arrows.uasset" 570
"../../../Engine/Content/MapTemplates/Sky/DaylightAmbientCubemap.uasset" 571
"../../../../../../Users/Hampuz/Documents/Unreal Projects/MP_Shooter/Content/StarterContent/Blueprints/Assets/M_LightStage_Skybox_Master.uasset" 572
"../../../../../../Users/Hampuz/Documents/Unreal Projects/MP_Shooter/Content/StarterContent/Blueprints/Assets/M_LightStage_Skybox_Black.uasset" 573
"../../../../../../Users/Hampuz/Documents/Unreal Projects/MP_Shooter/Content/StarterContent/Blueprints/Assets/M_LightStage_Skybox_HDRI.uasset" 574
"../../../Engine/Content/EditorMaterials/Thumbnails/SkySphereMaterial.uasset" 575
"../../../../../../Users/Hampuz/Documents/Unreal Projects/MP_Shooter/Content/StarterContent/Blueprints/Assets/Skybox.uasset" 576
"../../../../../../Users/Hampuz/Documents/Unreal Projects/MP_Shooter/Content/StarterContent/Blueprints/Assets/SM_Arrows.uasset" 577
"../../../../../../Users/Hampuz/Documents/Unreal Projects/MP_Shooter/Content/StarterContent/HDRI/HDRI_Epic_Courtyard_Daylight.uasset" 578
"../../../../../../Users/Hampuz/Documents/Unreal Projects/MP_Shooter/Content/StarterContent/Blueprints/BP_LightStudio.uasset" 579
"../../../../../../Users/Hampuz/Documents/Unreal Projects/MP_Shooter/Content/StarterContent/Maps/Advanced_Lighting_BuiltData.uasset" 580
"../../../Engine/Content/EditorMeshes/ColorCalibrator/M_ChromeBall.uasset" 581
"../../../Engine/Content/EditorMeshes/ColorCalibrator/M_ClearCoat.uasset" 582
"../../../Engine/Content/EditorMeshes/ColorCalibrator/M_ClearCoatBlack.uasset" 583
"../../../Engine/Content/EditorMeshes/ColorCalibrator/Color_checker.uasset" 584
"../../../Engine/Content/EditorMeshes/ColorCalibrator/M_ColorGrid.uasset" 585
"../../../Engine/Content/EditorMeshes/ColorCalibrator/M_GreyBall.uasset" 586
"../../../Engine/Content/EditorMeshes/ColorCalibrator/SM_ColorCalibrator.uasset" 587
"../../../../../../Users/Hampuz/Documents/Unreal Projects/MP_Shooter/Content/StarterContent/Architecture/SM_AssetPlatform.uasset" 588
"../../../../../../Users/Hampuz/Documents/Unreal Projects/MP_Shooter/Content/StarterContent/Maps/Advanced_Lighting.umap" 589
"../../../../../../Users/Hampuz/Documents/Unreal Projects/MP_Shooter/Content/StarterContent/Maps/Minimal_Default_BuiltData.uasset" 590
"../../../../../../Users/Hampuz/Documents/Unreal Projects/MP_Shooter/Content/StarterContent/Textures/T_MacroVariation.uasset" 591
"../../../../../../Users/Hampuz/Documents/Unreal Projects/MP_Shooter/Content/StarterContent/Materials/M_Metal_Brushed_Nickel.uasset" 592
"../../../../../../Users/Hampuz/Documents/Unreal Projects/MP_Shooter/Content/StarterContent/Textures/T_Metal_Aluminum_D.uasset" 593
"../../../../../../Users/Hampuz/Documents/Unreal Projects/MP_Shooter/Content/StarterContent/Textures/T_Metal_Gold_N.uasset" 594
"../../../../../../Users/Hampuz/Documents/Unreal Projects/MP_Shooter/Content/StarterContent/Materials/M_Metal_Burnished_Steel.uasset" 595
"../../../../../../Users/Hampuz/Documents/Unreal Projects/MP_Shooter/Content/StarterContent/Textures/T_Metal_Copper_D.uasset" 596
"../../../../../../Users/Hampuz/Documents/Unreal Projects/MP_Shooter/Content/StarterContent/Materials/M_Metal_Copper.uasset" 597
"../../../../../../Users/Hampuz/Documents/Unreal Projects/MP_Shooter/Content/StarterContent/Textures/T_Statue_M.uasset" 598
"../../../../../../Users/Hampuz/Documents/Unreal Projects/MP_Shooter/Content/StarterContent/Textures/T_Statue_N.uasset" 599
"../../../../../../Users/Hampuz/Documents/Unreal Projects/MP_Shooter/Content/StarterContent/Props/Materials/M_StatueGlass.uasset" 600
"../../../../../../Users/Hampuz/Documents/Unreal Projects/MP_Shooter/Content/StarterContent/Architecture/Floor_400x400.uasset" 601
"../../../../../../Users/Hampuz/Documents/Unreal Projects/MP_Shooter/Content/StarterContent/Audio/Starter_Background_Cue.uasset" 602
"../../../../../../Users/Hampuz/Documents/Unreal Projects/MP_Shooter/Content/StarterContent/Props/SM_Chair.uasset" 603
"../../../../../../Users/Hampuz/Documents/Unreal Projects/MP_Shooter/Content/StarterContent/Props/Materials/M_Statue.uasset" 604
"../../../../../../Users/Hampuz/Documents/Unreal Projects/MP_Shooter/Content/StarterContent/Props/SM_Statue.uasset" 605
"../../../../../../Users/Hampuz/Documents/Unreal Projects/MP_Shooter/Content/StarterContent/Textures/T_TableRound_M.uasset" 606
"../../../../../../Users/Hampuz/Documents/Unreal Projects/MP_Shooter/Content/StarterContent/Textures/T_TableRound_N.uasset" 607
"../../../../../../Users/Hampuz/Documents/Unreal Projects/MP_Shooter/Content/StarterContent/Props/Materials/M_TableRound.uasset" 608
"../../../../../../Users/Hampuz/Documents/Unreal Projects/MP_Shooter/Content/StarterContent/Props/SM_TableRound.uasset" 609
"../../../../../../Users/Hampuz/Documents/Unreal Projects/MP_Shooter/Content/StarterContent/Maps/Minimal_Default.umap" 610
"../../../../../../Users/Hampuz/Documents/Unreal Projects/MP_Shooter/Content/StarterContent/Audio/Fire01_Cue.uasset" 611
"../../../../../../Users/Hampuz/Documents/Unreal Projects/MP_Shooter/Content/StarterContent/Textures/T_Fire_SubUV.uasset" 612
"../../../../../../Users/Hampuz/Documents/Unreal Projects/MP_Shooter/Content/StarterContent/Textures/T_Fire_Tiled_D.uasset" 613
"../../../../../../Users/Hampuz/Documents/Unreal Projects/MP_Shooter/Content/StarterContent/Particles/Materials/M_Fire_SubUV.uasset" 614
"../../../../../../Users/Hampuz/Documents/Unreal Projects/MP_Shooter/Content/StarterContent/Textures/T_Water_N.uasset" 615
"../../../../../../Users/Hampuz/Documents/Unreal Projects/MP_Shooter/Content/StarterContent/Particles/Materials/M_Heat_Distortion.uasset" 616
"../../../../../../Users/Hampuz/Documents/Unreal Projects/MP_Shooter/Content/StarterContent/Particles/Materials/M_Radial_Gradient.uasset" 617
"../../../../../../Users/Hampuz/Documents/Unreal Projects/MP_Shooter/Content/StarterContent/Particles/P_Fire.uasset" 618
"../../../../../../Users/Hampuz/Documents/Unreal Projects/MP_Shooter/Content/StarterContent/Blueprints/Blueprint_Effect_Fire.uasset" 619
"../../../../../../Users/Hampuz/Documents/Unreal Projects/MP_Shooter/Content/StarterContent/Audio/Smoke01_Cue.uasset" 620
"../../../../../../Users/Hampuz/Documents/Unreal Projects/MP_Shooter/Content/StarterContent/Particles/P_Smoke.uasset" 621
"../../../../../../Users/Hampuz/Documents/Unreal Projects/MP_Shooter/Content/StarterContent/Blueprints/Blueprint_Effect_Smoke.uasset" 622
"../../../../../../Users/Hampuz/Documents/Unreal Projects/MP_Shooter/Content/StarterContent/Audio/Fire_Sparks01_Cue.uasset" 623
"../../../../../../Users/Hampuz/Documents/Unreal Projects/MP_Shooter/Content/StarterContent/Textures/T_Spark_Core.uasset" 624
"../../../../../../Users/Hampuz/Documents/Unreal Projects/MP_Shooter/Content/StarterContent/Particles/Materials/M_Spark.uasset" 625
"../../../../../../Users/Hampuz/Documents/Unreal Projects/MP_Shooter/Content/StarterContent/Particles/P_Sparks.uasset" 626
"../../../../../../Users/Hampuz/Documents/Unreal Projects/MP_Shooter/Content/StarterContent/Blueprints/Blueprint_Effect_Sparks.uasset" 627
"../../../../../../Users/Hampuz/Documents/Unreal Projects/MP_Shooter/Content/StarterContent/Audio/Steam01_Cue.uasset" 628
"../../../../../../Users/Hampuz/Documents/Unreal Projects/MP_Shooter/Content/StarterContent/Particles/P_Steam_Lit.uasset" 629
"../../../../../../Users/Hampuz/Documents/Unreal Projects/MP_Shooter/Content/StarterContent/Blueprints/Blueprint_Effect_Steam.uasset" 630
"../../../../../../Users/Hampuz/Documents/Unreal Projects/MP_Shooter/Content/StarterContent/Textures/T_Lamp_M.uasset" 631
"../../../../../../Users/Hampuz/Documents/Unreal Projects/MP_Shooter/Content/StarterContent/Textures/T_Lamp_N.uasset" 632
"../../../../../../Users/Hampuz/Documents/Unreal Projects/MP_Shooter/Content/StarterContent/Props/Materials/M_Lamp.uasset" 633
"../../../../../../Users/Hampuz/Documents/Unreal Projects/MP_Shooter/Content/StarterContent/Props/SM_Lamp_Ceiling.uasset" 634
"../../../../../../Users/Hampuz/Documents/Unreal Projects/MP_Shooter/Content/StarterContent/Blueprints/Blueprint_CeilingLight.uasset" 635
"../../../../../../Users/Hampuz/Documents/Unreal Projects/MP_Shooter/Content/StarterContent/Props/SM_Lamp_Wall.uasset" 636
"../../../../../../Users/Hampuz/Documents/Unreal Projects/MP_Shooter/Content/StarterContent/Blueprints/Blueprint_WallSconce.uasset" 637
"../../../../../../Users/Hampuz/Documents/Unreal Projects/MP_Shooter/Content/StarterContent/Maps/StarterMap_BuiltData.uasset" 638
"../../../Engine/Content/Functions/Engine_MaterialFunctions03/Procedurals/ComputeFilterWidth.uasset" 639
"../../../Engine/Content/EngineMaterials/AntiAliasedTextMaterialTranslucent.uasset" 640
"../../../../../../Users/Hampuz/Documents/Unreal Projects/MP_Shooter/Content/StarterContent/Textures/T_Brick_Clay_Beveled_D.uasset" 641
"../../../../../../Users/Hampuz/Documents/Unreal Projects/MP_Shooter/Content/StarterContent/Textures/T_Brick_Clay_Beveled_M.uasset" 642
"../../../../../../Users/Hampuz/Documents/Unreal Projects/MP_Shooter/Content/StarterContent/Textures/T_Brick_Clay_Beveled_N.uasset" 643
"../../../../../../Users/Hampuz/Documents/Unreal Projects/MP_Shooter/Content/StarterContent/Materials/M_Brick_Clay_Beveled.uasset" 644
"../../../../../../Users/Hampuz/Documents/Unreal Projects/MP_Shooter/Content/StarterContent/Textures/T_Brick_Clay_New_D.uasset" 645
"../../../../../../Users/Hampuz/Documents/Unreal Projects/MP_Shooter/Content/StarterContent/Textures/T_Brick_Clay_New_M.uasset" 646
"../../../../../../Users/Hampuz/Documents/Unreal Projects/MP_Shooter/Content/StarterContent/Textures/T_Brick_Clay_New_N.uasset" 647
"../../../../../../Users/Hampuz/Documents/Unreal Projects/MP_Shooter/Content/StarterContent/Materials/M_Brick_Clay_New.uasset" 648
"../../../../../../Users/Hampuz/Documents/Unreal Projects/MP_Shooter/Content/StarterContent/Textures/T_Brick_Clay_Old_D.uasset" 649
"../../../../../../Users/Hampuz/Documents/Unreal Projects/MP_Shooter/Content/StarterContent/Textures/T_Brick_Clay_Old_N.uasset" 650
"../../../../../../Users/Hampuz/Documents/Unreal Projects/MP_Shooter/Content/StarterContent/Textures/T_Perlin_Noise_M.uasset" 651
"../../../../../../Users/Hampuz/Documents/Unreal Projects/MP_Shooter/Content/StarterContent/Materials/M_Brick_Clay_Old.uasset" 652
"../../../../../../Users/Hampuz/Documents/Unreal Projects/MP_Shooter/Content/StarterContent/Textures/T_Brick_Cut_Stone_D.uasset" 653
"../../../../../../Users/Hampuz/Documents/Unreal Projects/MP_Shooter/Content/StarterContent/Textures/T_Brick_Cut_Stone_N.uasset" 654
"../../../../../../Users/Hampuz/Documents/Unreal Projects/MP_Shooter/Content/StarterContent/Materials/M_Brick_Cut_Stone.uasset" 655
"../../../../../../Users/Hampuz/Documents/Unreal Projects/MP_Shooter/Content/StarterContent/Textures/T_Brick_Hewn_Stone_D.uasset" 656
"../../../../../../Users/Hampuz/Documents/Unreal Projects/MP_Shooter/Content/StarterContent/Textures/T_Brick_Hewn_Stone_M.uasset" 657
"../../../../../../Users/Hampuz/Documents/Unreal Projects/MP_Shooter/Content/StarterContent/Textures/T_Brick_Hewn_Stone_N.uasset" 658
"../../../../../../Users/Hampuz/Documents/Unreal Projects/MP_Shooter/Content/StarterContent/Materials/M_Brick_Hewn_Stone.uasset" 659
"../../../../../../Users/Hampuz/Documents/Unreal Projects/MP_Shooter/Content/StarterContent/Textures/T_Ceramic_Tile_M.uasset" 660
"../../../../../../Users/Hampuz/Documents/Unreal Projects/MP_Shooter/Content/StarterContent/Textures/T_Ceramic_Tile_N.uasset" 661
"../../../../../../Users/Hampuz/Documents/Unreal Projects/MP_Shooter/Content/StarterContent/Textures/T_Rock_Marble_Polished_D.uasset" 662
"../../../../../../Users/Hampuz/Documents/Unreal Projects/MP_Shooter/Content/StarterContent/Materials/M_Ceramic_Tile_Checker.uasset" 663
"../../../../../../Users/Hampuz/Documents/Unreal Projects/MP_Shooter/Content/StarterContent/Textures/T_CobbleStone_Pebble_D.uasset" 664
"../../../../../../Users/Hampuz/Documents/Unreal Projects/MP_Shooter/Content/StarterContent/Textures/T_CobbleStone_Pebble_M.uasset" 665
"../../../../../../Users/Hampuz/Documents/Unreal Projects/MP_Shooter/Content/StarterContent/Textures/T_CobbleStone_Pebble_N.uasset" 666
"../../../../../../Users/Hampuz/Documents/Unreal Projects/MP_Shooter/Content/StarterContent/Materials/M_CobbleStone_Pebble.uasset" 667
"../../../../../../Users/Hampuz/Documents/Unreal Projects/MP_Shooter/Content/StarterContent/Textures/T_CobbleStone_Rough_D.uasset" 668
"../../../../../../Users/Hampuz/Documents/Unreal Projects/MP_Shooter/Content/StarterContent/Textures/T_CobbleStone_Rough_N.uasset" 669
"../../../../../../Users/Hampuz/Documents/Unreal Projects/MP_Shooter/Content/StarterContent/Textures/T_Gradinet_01.uasset" 670
"../../../../../../Users/Hampuz/Documents/Unreal Projects/MP_Shooter/Content/StarterContent/Textures/T_Rock_Smooth_Granite_D.uasset" 671
"../../../../../../Users/Hampuz/Documents/Unreal Projects/MP_Shooter/Content/StarterContent/Materials/M_CobbleStone_Rough.uasset" 672
"../../../../../../Users/Hampuz/Documents/Unreal Projects/MP_Shooter/Content/StarterContent/Textures/T_CobbleStone_Smooth_D.uasset" 673
"../../../../../../Users/Hampuz/Documents/Unreal Projects/MP_Shooter/Content/StarterContent/Textures/T_CobbleStone_Smooth_M.uasset" 674
"../../../../../../Users/Hampuz/Documents/Unreal Projects/MP_Shooter/Content/StarterContent/Textures/T_CobbleStone_Smooth_N.uasset" 675
"../../../../../../Users/Hampuz/Documents/Unreal Projects/MP_Shooter/Content/StarterContent/Materials/M_CobbleStone_Smooth.uasset" 676
"../../../../../../Users/Hampuz/Documents/Unreal Projects/MP_Shooter/Content/StarterContent/Textures/T_Concrete_Grime_D.uasset" 677
"../../../../../../Users/Hampuz/Documents/Unreal Projects/MP_Shooter/Content/StarterContent/Textures/T_Metal_Rust_N.uasset" 678
"../../../../../../Users/Hampuz/Documents/Unreal Projects/MP_Shooter/Content/StarterContent/Materials/M_Concrete_Grime.uasset" 679
"../../../../../../Users/Hampuz/Documents/Unreal Projects/MP_Shooter/Content/StarterContent/Textures/T_Concrete_Panels_D.uasset" 680
"../../../../../../Users/Hampuz/Documents/Unreal Projects/MP_Shooter/Content/StarterContent/Textures/T_Concrete_Panels_N.uasset" 681
"../../../../../../Users/Hampuz/Documents/Unreal Projects/MP_Shooter/Content/StarterContent/Materials/M_Concrete_Panels.uasset" 682
"../../../../../../Users/Hampuz/Documents/Unreal Projects/MP_Shooter/Content/StarterContent/Textures/T_Concrete_Poured_D.uasset" 683
"../../../../../../Users/Hampuz/Documents/Unreal Projects/MP_Shooter/Content/StarterContent/Textures/T_Concrete_Poured_N.uasset" 684
"../../../../../../Users/Hampuz/Documents/Unreal Projects/MP_Shooter/Content/StarterContent/Materials/M_Concrete_Poured.uasset" 685
"../../../../../../Users/Hampuz/Documents/Unreal Projects/MP_Shooter/Content/StarterContent/Textures/T_Concrete_Tiles_D.uasset" 686
"../../../../../../Users/Hampuz/Documents/Unreal Projects/MP_Shooter/Content/StarterContent/Textures/T_Concrete_Tiles_M.uasset" 687
"../../../../../../Users/Hampuz/Documents/Unreal Projects/MP_Shooter/Content/StarterContent/Textures/T_Concrete_Tiles_N.uasset" 688
"../../../../../../Users/Hampuz/Documents/Unreal Projects/MP_Shooter/Content/StarterContent/Textures/T_Concrete_Tiles_Variation_M.uasset" 689
"../../../../../../Users/Hampuz/Documents/Unreal Projects/MP_Shooter/Content/StarterContent/Materials/M_Concrete_Tiles.uasset" 690
"../../../../../../Users/Hampuz/Documents/Unreal Projects/MP_Shooter/Content/StarterContent/Textures/T_Ground_Grass_D.uasset" 691
"../../../../../../Users/Hampuz/Documents/Unreal Projects/MP_Shooter/Content/StarterContent/Textures/T_Ground_Grass_N.uasset" 692
"../../../../../../Users/Hampuz/Documents/Unreal Projects/MP_Shooter/Content/StarterContent/Materials/M_Ground_Grass.uasset" 693
"../../../../../../Users/Hampuz/Documents/Unreal Projects/MP_Shooter/Content/StarterContent/Textures/T_Ground_Gravel_D.uasset" 694
"../../../../../../Users/Hampuz/Documents/Unreal Projects/MP_Shooter/Content/StarterContent/Textures/T_Ground_Gravel_N.uasset" 695
"../../../../../../Users/Hampuz/Documents/Unreal Projects/MP_Shooter/Content/StarterContent/Materials/M_Ground_Gravel.uasset" 696
"../../../../../../Users/Hampuz/Documents/Unreal Projects/MP_Shooter/Content/StarterContent/Textures/T_ground_Moss_D.uasset" 697
"../../../../../../Users/Hampuz/Documents/Unreal Projects/MP_Shooter/Content/StarterContent/Textures/T_Ground_Moss_N.uasset" 698
"../../../../../../Users/Hampuz/Documents/Unreal Projects/MP_Shooter/Content/StarterContent/Materials/M_Ground_Moss.uasset" 699
"../../../../../../Users/Hampuz/Documents/Unreal Projects/MP_Shooter/Content/StarterContent/Materials/M_Metal_Chrome.uasset" 700
"../../../../../../Users/Hampuz/Documents/Unreal Projects/MP_Shooter/Content/StarterContent/Textures/T_Metal_Gold_D.uasset" 701
"../../../../../../Users/Hampuz/Documents/Unreal Projects/MP_Shooter/Content/StarterContent/Materials/M_Metal_Gold.uasset" 702
"../../../../../../Users/Hampuz/Documents/Unreal Projects/MP_Shooter/Content/StarterContent/Textures/T_Metal_Rust_D.uasset" 703
"../../../../../../Users/Hampuz/Documents/Unreal Projects/MP_Shooter/Content/StarterContent/Materials/M_Metal_Rust.uasset" 704
"../../../../../../Users/Hampuz/Documents/Unreal Projects/MP_Shooter/Content/StarterContent/Textures/T_Metal_Steel_D.uasset" 705
"../../../../../../Users/Hampuz/Documents/Unreal Projects/MP_Shooter/Content/StarterContent/Textures/T_Metal_Steel_N.uasset" 706
"../../../../../../Users/Hampuz/Documents/Unreal Projects/MP_Shooter/Content/StarterContent/Materials/M_Metal_Steel.uasset" 707
"../../../../../../Users/Hampuz/Documents/Unreal Projects/MP_Shooter/Content/StarterContent/Textures/T_Rock_Basalt_N.uasset" 708
"../../../../../../Users/Hampuz/Documents/Unreal Projects/MP_Shooter/Content/StarterContent/Materials/M_Rock_Basalt.uasset" 709
"../../../../../../Users/Hampuz/Documents/Unreal Projects/MP_Shooter/Content/StarterContent/Materials/M_Rock_Marble_Polished.uasset" 710
"../../../../../../Users/Hampuz/Documents/Unreal Projects/MP_Shooter/Content/StarterContent/Textures/T_Rock_Sandstone_D.uasset" 711
"../../../../../../Users/Hampuz/Documents/Unreal Projects/MP_Shooter/Content/StarterContent/Textures/T_Rock_Sandstone_N.uasset" 712
"../../../../../../Users/Hampuz/Documents/Unreal Projects/MP_Shooter/Content/StarterContent/Materials/M_Rock_Sandstone.uasset" 713
"../../../../../../Users/Hampuz/Documents/Unreal Projects/MP_Shooter/Content/StarterContent/Textures/T_Rock_Slate_D.uasset" 714
"../../../../../../Users/Hampuz/Documents/Unreal Projects/MP_Shooter/Content/StarterContent/Textures/T_Rock_Slate_N.uasset" 715
"../../../../../../Users/Hampuz/Documents/Unreal Projects/MP_Shooter/Content/StarterContent/Materials/M_Rock_Slate.uasset" 716
"../../../../../../Users/Hampuz/Documents/Unreal Projects/MP_Shooter/Content/StarterContent/Textures/T_Checker_Noise_M.uasset" 717
"../../../../../../Users/Hampuz/Documents/Unreal Projects/MP_Shooter/Content/StarterContent/Textures/T_Single_Tile_N.uasset" 718
"../../../../../../Users/Hampuz/Documents/Unreal Projects/MP_Shooter/Content/StarterContent/Textures/T_Tech_Dot_M.uasset" 719
"../../../../../../Users/Hampuz/Documents/Unreal Projects/MP_Shooter/Content/StarterContent/Textures/T_Tech_Dot_N.uasset" 720
"../../../../../../Users/Hampuz/Documents/Unreal Projects/MP_Shooter/Content/StarterContent/Materials/M_Tech_Checker_Dot.uasset" 721
"../../../../../../Users/Hampuz/Documents/Unreal Projects/MP_Shooter/Content/StarterContent/Textures/T_Tech_Hex_Tile_M.uasset" 722
"../../../../../../Users/Hampuz/Documents/Unreal Projects/MP_Shooter/Content/StarterContent/Textures/T_Tech_Hex_Tile_N.uasset" 723
"../../../../../../Users/Hampuz/Documents/Unreal Projects/MP_Shooter/Content/StarterContent/Materials/M_Tech_Hex_Tile.uasset" 724
"../../../../../../Users/Hampuz/Documents/Unreal Projects/MP_Shooter/Content/StarterContent/Materials/M_Tech_Hex_Tile_Pulse.uasset" 725
"../../../../../../Users/Hampuz/Documents/Unreal Projects/MP_Shooter/Content/StarterContent/Textures/T_Tech_Panel_M.uasset" 726
"../../../../../../Users/Hampuz/Documents/Unreal Projects/MP_Shooter/Content/StarterContent/Textures/T_Tech_Panel_N.uasset" 727
"../../../../../../Users/Hampuz/Documents/Unreal Projects/MP_Shooter/Content/StarterContent/Materials/M_Tech_Panel.uasset" 728
"../../../../../../Users/Hampuz/Documents/Unreal Projects/MP_Shooter/Content/StarterContent/Materials/M_Water_Lake.uasset" 729
"../../../../../../Users/Hampuz/Documents/Unreal Projects/MP_Shooter/Content/StarterContent/Textures/T_Water_M.uasset" 730
"../../../../../../Users/Hampuz/Documents/Unreal Projects/MP_Shooter/Content/StarterContent/Materials/M_Water_Ocean.uasset" 731
"../../../../../../Users/Hampuz/Documents/Unreal Projects/MP_Shooter/Content/StarterContent/Textures/T_Wood_Floor_Walnut_D.uasset" 732
"../../../../../../Users/Hampuz/Documents/Unreal Projects/MP_Shooter/Content/StarterContent/Textures/T_Wood_Floor_Walnut_M.uasset" 733
"../../../../../../Users/Hampuz/Documents/Unreal Projects/MP_Shooter/Content/StarterContent/Textures/T_Wood_Floor_Walnut_N.uasset" 734
"../../../../../../Users/Hampuz/Documents/Unreal Projects/MP_Shooter/Content/StarterContent/Materials/M_Wood_Floor_Walnut_Polished.uasset" 735
"../../../Engine/Content/Functions/Engine_MaterialFunctions01/Opacity/AlphaOffset.uasset" 736
"../../../../../../Users/Hampuz/Documents/Unreal Projects/MP_Shooter/Content/StarterContent/Materials/M_Wood_Floor_Walnut_Worn.uasset" 737
"../../../../../../Users/Hampuz/Documents/Unreal Projects/MP_Shooter/Content/StarterContent/Textures/T_Wood_Oak_D.uasset" 738
"../../../../../../Users/Hampuz/Documents/Unreal Projects/MP_Shooter/Content/StarterContent/Textures/T_Wood_Oak_N.uasset" 739
"../../../../../../Users/Hampuz/Documents/Unreal Projects/MP_Shooter/Content/StarterContent/Materials/M_Wood_Oak.uasset" 740
"../../../../../../Users/Hampuz/Documents/Unreal Projects/MP_Shooter/Content/StarterContent/Textures/T_Wood_Pine_D.uasset" 741
"../../../../../../Users/Hampuz/Documents/Unreal Projects/MP_Shooter/Content/StarterContent/Textures/T_Wood_Pine_N.uasset" 742
"../../../../../../Users/Hampuz/Documents/Unreal Projects/MP_Shooter/Content/StarterContent/Materials/M_Wood_Pine.uasset" 743
"../../../../../../Users/Hampuz/Documents/Unreal Projects/MP_Shooter/Content/StarterContent/Textures/T_Wood_Walnut_D.uasset" 744
"../../../../../../Users/Hampuz/Documents/Unreal Projects/MP_Shooter/Content/StarterContent/Textures/T_Wood_Walnut_N.uasset" 745
"../../../../../../Users/Hampuz/Documents/Unreal Projects/MP_Shooter/Content/StarterContent/Materials/M_Wood_Walnut.uasset" 746
"../../../../../../Users/Hampuz/Documents/Unreal Projects/MP_Shooter/Content/StarterContent/Architecture/Wall_400x200.uasset" 747
"../../../../../../Users/Hampuz/Documents/Unreal Projects/MP_Shooter/Content/StarterContent/Architecture/Wall_Door_400x300.uasset" 748
"../../../../../../Users/Hampuz/Documents/Unreal Projects/MP_Shooter/Content/StarterContent/Architecture/Wall_Window_400x300.uasset" 749
"../../../../../../Users/Hampuz/Documents/Unreal Projects/MP_Shooter/Content/StarterContent/Audio/Collapse_Cue.uasset" 750
"../../../../../../Users/Hampuz/Documents/Unreal Projects/MP_Shooter/Content/StarterContent/Audio/Starter_Music_Cue.uasset" 751
"../../../../../../Users/Hampuz/Documents/Unreal Projects/MP_Shooter/Content/StarterContent/Textures/T_Dust_Particle_D.uasset" 752
"../../../../../../Users/Hampuz/Documents/Unreal Projects/MP_Shooter/Content/StarterContent/Particles/Materials/M_Dust_Particle.uasset" 753
"../../../../../../Users/Hampuz/Documents/Unreal Projects/MP_Shooter/Content/StarterContent/Particles/P_Ambient_Dust.uasset" 754
"../../../../../../Users/Hampuz/Documents/Unreal Projects/MP_Shooter/Content/StarterContent/Props/MaterialSphere.uasset" 755
"../../../../../../Users/Hampuz/Documents/Unreal Projects/MP_Shooter/Content/StarterContent/Textures/T_Frame_M.uasset" 756
"../../../../../../Users/Hampuz/Documents/Unreal Projects/MP_Shooter/Content/StarterContent/Textures/T_Frame_N.uasset" 757
"../../../../../../Users/Hampuz/Documents/Unreal Projects/MP_Shooter/Content/StarterContent/Props/Materials/M_Frame.uasset" 758
"../../../../../../Users/Hampuz/Documents/Unreal Projects/MP_Shooter/Content/StarterContent/Props/SM_CornerFrame.uasset" 759
"../../../../../../Users/Hampuz/Documents/Unreal Projects/MP_Shooter/Content/StarterContent/Props/SM_DoorFrame.uasset" 760
"../../../../../../Users/Hampuz/Documents/Unreal Projects/MP_Shooter/Content/StarterContent/Props/SM_GlassWindow.uasset" 761
"../../../../../../Users/Hampuz/Documents/Unreal Projects/MP_Shooter/Content/StarterContent/Props/SM_PillarFrame.uasset" 762
"../../../../../../Users/Hampuz/Documents/Unreal Projects/MP_Shooter/Content/StarterContent/Props/SM_PillarFrame300.uasset" 763
"../../../../../../Users/Hampuz/Documents/Unreal Projects/MP_Shooter/Content/StarterContent/Props/SM_WindowFrame.uasset" 764
"../../../../../../Users/Hampuz/Documents/Unreal Projects/MP_Shooter/Content/StarterContent/Shapes/Shape_Cube.uasset" 765
"../../../../../../Users/Hampuz/Documents/Unreal Projects/MP_Shooter/Content/StarterContent/Shapes/Shape_QuadPyramid.uasset" 766
"../../../../../../Users/Hampuz/Documents/Unreal Projects/MP_Shooter/Content/StarterContent/Shapes/Shape_Sphere.uasset" 767
"../../../../../../Users/Hampuz/Documents/Unreal Projects/MP_Shooter/Content/StarterContent/Maps/StarterMap.umap" 768
"../../../Engine/Content/Maps/Entry.umap" 769
